12:24:44.479 [main                     ] DEBUG Logger               - Configured Logger
12:24:44.521 [main                     ] DEBUG GameApplication      - Logging settings
Title: Drop
Version: 1.0
Width: 480
Height: 800
Fullscreen: false
Intro: false
Profiling: false
Single step:false
App Mode: DEVELOPER
Menu Key: ESCAPE
Stage Style: DECORATED
Scene Factory: class com.almasb.fxgl.app.scene.SceneFactory

12:24:44.961 [JavaFX Application Thread] DEBUG FXGLApplication      - Initializing FXGL
12:24:44.967 [JavaFX Application Thread] INFO  Engine               - FXGL-21 (28.12.2023 13.35) on WINDOWS (J:22.0.1 FX:21.0.1)
12:24:44.968 [JavaFX Application Thread] DEBUG Engine               - JRE Vendor Name: Oracle Corporation
12:24:44.969 [JavaFX Application Thread] DEBUG Engine               - Running on OS: Windows 11 version 10.0
12:24:44.969 [JavaFX Application Thread] DEBUG Engine               - Architecture: amd64
12:24:44.969 [JavaFX Application Thread] INFO  Engine               - Source code and latest versions at: https://github.com/AlmasB/FXGL
12:24:44.969 [JavaFX Application Thread] INFO  Engine               -       Ask questions and discuss at: https://github.com/AlmasB/FXGL/discussions
12:24:44.969 [JavaFX Application Thread] INFO  Engine               -              Join the FXGL chat at: https://gitter.im/AlmasB/FXGL
12:24:45.093 [JavaFX Application Thread] DEBUG PrimaryStageWindow   - Creating a JavaFX scene
12:24:45.152 [JavaFX Application Thread] DEBUG PrimaryStageWindow   - Target settings size: 480.0 x 800.0
12:24:45.152 [JavaFX Application Thread] DEBUG PrimaryStageWindow   - Scaled scene size:    480.0 x 800.0
12:24:45.153 [JavaFX Application Thread] DEBUG PrimaryStageWindow   - Scaled ratio: (1.0, 1.0)
12:24:45.154 [JavaFX Application Thread] DEBUG PrimaryStageWindow   - Set initial scene to FXGLStartupScene
12:24:45.159 [JavaFX Application Thread] DEBUG PrimaryStageWindow   - Opening main window
12:24:45.262 [JavaFX Application Thread] DEBUG PrimaryStageWindow   - Window border size: (16.0, 39.0)
12:24:45.262 [JavaFX Application Thread] DEBUG PrimaryStageWindow   - Scaled size: 480.0 x 800.0
12:24:45.263 [JavaFX Application Thread] DEBUG PrimaryStageWindow   - Scaled ratio: (1.0, 1.0)
12:24:45.263 [JavaFX Application Thread] DEBUG PrimaryStageWindow   - Scene size: 480.0 x 800.0
12:24:45.264 [JavaFX Application Thread] DEBUG PrimaryStageWindow   - Stage size: 496.0 x 839.0
12:24:45.277 [FXGL Background Thread 1 ] DEBUG Engine               - Initializing environment variables
12:24:45.369 [FXGL Background Thread 1 ] DEBUG FXGLAssetLoaderServi - User app class for loading assets: class com.example.final_project_schaar_zugaj.Game
12:24:45.369 [FXGL Background Thread 1 ] DEBUG GameApplicationServi - Applying CSS: fxgl_dark.css
12:24:45.370 [FXGL Background Thread 1 ] DEBUG FXGLAssetLoaderServi - Loading from file system: jar:file:///C:/Users/kiese/.m2/repository/com/github/almasb/fxgl/21/fxgl-21.jar!/fxglassets/ui/css/fxgl_dark.css
12:24:45.444 [FXGL Background Thread 1 ] DEBUG GameApplicationServi - Initializing application scenes
12:24:45.507 [FXGL Background Thread 1 ] DEBUG GameWorld            - Game world initialized
12:24:45.599 [FXGL Background Thread 1 ] DEBUG PhysicsWorld         - Physics world initialized: appHeight=800, physics.ppm=50,0
12:24:45.600 [FXGL Background Thread 1 ] DEBUG PhysicsWorld         - Using strategy: BRUTE_FORCE
12:24:45.605 [FXGL Background Thread 1 ] DEBUG GameScene            - Game scene initialized: 480x800
12:24:45.624 [FXGL Background Thread 1 ] WARN  FXGL.DefaultMenu     - FXGLDefaultMenu is not designed for resolutions < 800x600
12:24:45.624 [FXGL Background Thread 1 ] DEBUG FXGL.DefaultMenu     - createMenuBodyGameMenu()
12:24:45.645 [FXGL Background Thread 1 ] DEBUG FXGL.DefaultMenu     - createOptionsMenu()
12:24:45.662 [FXGL Background Thread 1 ] DEBUG FXGLAssetLoaderServi - Loading from file system: jar:file:///C:/Users/kiese/.m2/repository/com/github/almasb/fxgl/21/fxgl-21.jar!/fxglassets/textures/particles/smoke.png
12:24:45.765 [FXGL Background Thread 1 ] DEBUG FXGLAssetLoaderServi - Loading from file system: jar:file:///C:/Users/kiese/.m2/repository/com/github/almasb/fxgl/21/fxgl-21.jar!/fxglassets/textures/particles/trace_horizontal.png
12:24:45.794 [FXGL Background Thread 1 ] DEBUG GameApplicationServi - Application scenes initialized
12:24:45.811 [FXGL Background Thread 1 ] DEBUG SystemBundleService  - Loading FXGL system data
12:24:45.815 [FXGL Background Thread 1 ] DEBUG FileSystemAccess     - Reading from: C:\Users\kiese\Documents\Schule\3AHWIN\POS\FXGLGames-master\FXGLGames-master\Drop\system\fxgl.bundle
12:24:45.825 [FXGL Background Thread 1 ] DEBUG SystemBundleService  - Bundle FXGL: {}
12:24:45.826 [FXGL Background Thread 1 ] DEBUG UpdaterService       - Checking for updates
12:24:45.832 [FXGL Background Thread 4 ] DEBUG FXGLApplication      - Loading fonts
12:24:45.833 [FXGL Background Thread 1 ] DEBUG FXGLApplication      - Loading default localization
12:24:45.833 [FXGL Background Thread 4 ] DEBUG FXGLAssetLoaderServi - Loading from file system: jar:file:///C:/Users/kiese/.m2/repository/com/github/almasb/fxgl/21/fxgl-21.jar!/fxglassets/ui/fonts/VarelaRound-Regular.ttf
12:24:45.834 [FXGL Background Thread 1 ] DEBUG FXGLAssetLoaderServi - Loading from file system: jar:file:///C:/Users/kiese/.m2/repository/com/github/almasb/fxgl/21/fxgl-21.jar!/fxglassets/languages/english.lang
12:24:45.875 [FXGL Background Thread 1 ] INFO  FXGLApplication      - FXGL initialization took: 0,598 sec
12:24:45.877 [JavaFX Application Thread] DEBUG FXGLAssetLoaderServi - Loading from file system: jar:file:///C:/Users/kiese/.m2/repository/com/github/almasb/fxgl/21/fxgl-21.jar!/fxglassets/textures/fxgl_icon.png
12:24:45.879 [FXGL Background Thread 4 ] DEBUG FXGLAssetLoaderServi - Loading from file system: jar:file:///C:/Users/kiese/.m2/repository/com/github/almasb/fxgl/21/fxgl-21.jar!/fxglassets/ui/fonts/Abel-Regular.ttf
12:24:45.883 [FXGL Background Thread 4 ] DEBUG FXGLAssetLoaderServi - Loading from file system: jar:file:///C:/Users/kiese/.m2/repository/com/github/almasb/fxgl/21/fxgl-21.jar!/fxglassets/ui/fonts/TerminalLandMono-Regular.otf
12:24:45.887 [FXGL Background Thread 4 ] DEBUG FXGLAssetLoaderServi - Loading from file system: jar:file:///C:/Users/kiese/.m2/repository/com/github/almasb/fxgl/21/fxgl-21.jar!/fxglassets/ui/fonts/Courier-Prime.ttf
12:24:45.899 [JavaFX Application Thread] DEBUG FXGLAssetLoaderServi - Loading from file system: jar:file:///C:/Users/kiese/.m2/repository/com/github/almasb/fxgl/21/fxgl-21.jar!/fxglassets/textures/fxgl_default_cursor.png
12:24:45.912 [JavaFX Application Thread] DEBUG Input                - Registered new binding: Screenshot - CTRL+8
12:24:45.912 [JavaFX Application Thread] DEBUG Input                - Registered new binding: System info dump - CTRL+9
12:24:45.913 [JavaFX Application Thread] DEBUG Input                - Registered new binding: Restart - CTRL+R
12:24:45.914 [JavaFX Application Thread] DEBUG Input                - Registered new binding: Toggle Debug Camera - CTRL+7
12:24:45.917 [JavaFX Application Thread] DEBUG LoopRunner           - Starting loop
12:24:45.917 [JavaFX Application Thread] DEBUG LoopRunner           - Initializing JavaFX AnimationTimerLoop
12:24:45.918 [JavaFX Application Thread] DEBUG GameApplicationServi - Starting new game
12:24:45.918 [JavaFX Application Thread] DEBUG Input                - Clearing active input actions
12:24:45.935 [JavaFX Application Thread] DEBUG GameApplicationServi - Removing overlay from FXGLStartupScene and adding to FXGLLoadingScene
12:24:45.935 [JavaFX Application Thread] DEBUG PrimaryStageWindow   - FXGLStartupScene -> FXGLLoadingScene
12:24:45.935 [JavaFX Application Thread] DEBUG GameApplicationServi - Clearing previous game
12:24:45.936 [JavaFX Application Thread] DEBUG GameScene            - Clearing game scene
12:24:45.936 [JavaFX Application Thread] DEBUG GameWorld            - Clearing game world
12:24:45.936 [JavaFX Application Thread] DEBUG PhysicsWorld         - Clearing physics world
12:24:45.937 [FXGL Background Thread 4 ] DEBUG FXGLApplication      - Initializing game
12:24:45.939 [JavaFX Application Thread] DEBUG FXGLApplication      - Registering font factories with UI factory
12:24:45.940 [FXGL Background Thread 4 ] DEBUG FXGLAssetLoaderServi - Loading from file system: file:/C:/Users/kiese/Documents/Schule/3AHWIN/POS/FXGLGames-master/FXGLGames-master/Drop/target/classes/assets/textures/bucket.png
12:24:45.964 [FXGL Background Thread 4 ] DEBUG FXGLAssetLoaderServi - Loading from file system: file:/C:/Users/kiese/Documents/Schule/3AHWIN/POS/FXGLGames-master/FXGLGames-master/Drop/target/classes/assets/music/bgm.mp3
12:24:46.153 [FXGL Background Thread 4 ] DEBUG AudioPlayer          - Playing music com.almasb.fxgl.audio.Music@ff99ef2
12:24:46.155 [FXGL Background Thread 4 ] INFO  FXGLApplication      - Game initialization took: 0,218 sec
12:24:46.164 [JavaFX Application Thread] DEBUG Input                - Clearing active input actions
12:24:46.175 [JavaFX Application Thread] DEBUG GameApplicationServi - Removing overlay from FXGLLoadingScene and adding to GameScene
12:24:46.175 [JavaFX Application Thread] DEBUG PrimaryStageWindow   - FXGLLoadingScene -> GameScene
12:24:47.608 [JavaFX Application Thread] DEBUG FXGLAssetLoaderServi - Loading from file system: file:/C:/Users/kiese/Documents/Schule/3AHWIN/POS/FXGLGames-master/FXGLGames-master/Drop/target/classes/assets/textures/droplet.png
12:24:48.830 [FXGL Background Thread 3 ] DEBUG Engine               - Logging environment variables
12:24:48.831 [FXGL Background Thread 3 ] DEBUG Engine               - achievements: []
12:24:48.831 [FXGL Background Thread 3 ] DEBUG Engine               - actualHeight: 800.0
12:24:48.832 [FXGL Background Thread 3 ] DEBUG Engine               - actualHeightProperty: ReadOnlyDoubleProperty [value: 800.0]
12:24:48.832 [FXGL Background Thread 3 ] DEBUG Engine               - actualWidth: 480.0
12:24:48.832 [FXGL Background Thread 3 ] DEBUG Engine               - actualWidthProperty: ReadOnlyDoubleProperty [value: 480.0]
12:24:48.832 [FXGL Background Thread 3 ] DEBUG Engine               - appIcon: fxgl_icon.png
12:24:48.832 [FXGL Background Thread 3 ] DEBUG Engine               - applicationMode: DEVELOPER
12:24:48.832 [FXGL Background Thread 3 ] DEBUG Engine               - cSSList: [fxgl_dark.css]
12:24:48.832 [FXGL Background Thread 3 ] DEBUG Engine               - collisionDetectionStrategy: BRUTE_FORCE
12:24:48.832 [FXGL Background Thread 3 ] DEBUG Engine               - configClass: Optional.empty
12:24:48.832 [FXGL Background Thread 3 ] DEBUG Engine               - credits: []
12:24:48.833 [FXGL Background Thread 3 ] DEBUG Engine               - defaultCursor: CursorInfo(imageName=fxgl_default_cursor.png, hotspotX=7.0, hotspotY=6.0)
12:24:48.833 [FXGL Background Thread 3 ] DEBUG Engine               - devBBoxColorProperty: ObjectProperty [value: 0xff0000ff]
12:24:48.833 [FXGL Background Thread 3 ] DEBUG Engine               - devEnableDebugCameraProperty: BooleanProperty [value: false]
12:24:48.833 [FXGL Background Thread 3 ] DEBUG Engine               - devSensorColorProperty: ObjectProperty [value: 0xffff00ff]
12:24:48.833 [FXGL Background Thread 3 ] DEBUG Engine               - devShowBBoxProperty: BooleanProperty [value: false]
12:24:48.833 [FXGL Background Thread 3 ] DEBUG Engine               - devShowPositionProperty: BooleanProperty [value: false]
12:24:48.833 [FXGL Background Thread 3 ] DEBUG Engine               - enabledMenuItems: []
12:24:48.834 [FXGL Background Thread 3 ] DEBUG Engine               - engineServices: [class com.almasb.fxgl.app.services.FXGLAssetLoaderService, class com.almasb.fxgl.app.FXGLApplication$GameApplicationService, class com.almasb.fxgl.app.services.FXGLDialogService, class com.almasb.fxgl.app.services.IOTaskExecutorService, class com.almasb.fxgl.io.FileSystemService, class com.almasb.fxgl.localization.LocalizationService, class com.almasb.fxgl.app.services.SystemBundleService, class com.almasb.fxgl.profile.SaveLoadService, class com.almasb.fxgl.ui.FXGLUIFactoryServiceProvider, class com.almasb.fxgl.ui.FXGLDialogFactoryServiceProvider, class com.almasb.fxgl.audio.AudioPlayer, class com.almasb.fxgl.notification.impl.NotificationServiceProvider, class com.almasb.fxgl.achievement.AchievementService, class com.almasb.fxgl.cutscene.CutsceneService, class com.almasb.fxgl.minigames.MiniGameService, class com.almasb.fxgl.net.NetService, class com.almasb.fxgl.app.services.UpdaterService, class com.almasb.fxgl.dev.DevService]
12:24:48.834 [FXGL Background Thread 3 ] DEBUG Engine               - fontGame: Abel-Regular.ttf
12:24:48.834 [FXGL Background Thread 3 ] DEBUG Engine               - fontMono: TerminalLandMono-Regular.otf
12:24:48.834 [FXGL Background Thread 3 ] DEBUG Engine               - fontSizeScaleUI: 1.0
12:24:48.834 [FXGL Background Thread 3 ] DEBUG Engine               - fontText: Courier-Prime.ttf
12:24:48.834 [FXGL Background Thread 3 ] DEBUG Engine               - fontUI: VarelaRound-Regular.ttf
12:24:48.834 [FXGL Background Thread 3 ] DEBUG Engine               - fullScreen: BooleanProperty [value: false]
12:24:48.834 [FXGL Background Thread 3 ] DEBUG Engine               - gameDifficulty: MEDIUM
12:24:48.834 [FXGL Background Thread 3 ] DEBUG Engine               - gameDifficultyProperty: ObjectProperty [value: MEDIUM]
12:24:48.834 [FXGL Background Thread 3 ] DEBUG Engine               - globalMusicVolume: 0.5
12:24:48.834 [FXGL Background Thread 3 ] DEBUG Engine               - globalMusicVolumeProperty: DoubleProperty [value: 0.5]
12:24:48.834 [FXGL Background Thread 3 ] DEBUG Engine               - globalSoundVolume: 0.5
12:24:48.835 [FXGL Background Thread 3 ] DEBUG Engine               - globalSoundVolumeProperty: DoubleProperty [value: 0.5]
12:24:48.835 [FXGL Background Thread 3 ] DEBUG Engine               - height: 800
12:24:48.835 [FXGL Background Thread 3 ] DEBUG Engine               - is3D: false
12:24:48.835 [FXGL Background Thread 3 ] DEBUG Engine               - isAndroid: false
12:24:48.835 [FXGL Background Thread 3 ] DEBUG Engine               - isBrowser: false
12:24:48.835 [FXGL Background Thread 3 ] DEBUG Engine               - isClickFeedbackEnabled: false
12:24:48.835 [FXGL Background Thread 3 ] DEBUG Engine               - isCloseConfirmation: false
12:24:48.835 [FXGL Background Thread 3 ] DEBUG Engine               - isDesktop: true
12:24:48.835 [FXGL Background Thread 3 ] DEBUG Engine               - isDeveloperMenuEnabled: false
12:24:48.835 [FXGL Background Thread 3 ] DEBUG Engine               - isEmbedded: false
12:24:48.835 [FXGL Background Thread 3 ] DEBUG Engine               - isEntityPreloadEnabled: true
12:24:48.835 [FXGL Background Thread 3 ] DEBUG Engine               - isExperimentalTiledLargeMap: false
12:24:48.836 [FXGL Background Thread 3 ] DEBUG Engine               - isFileSystemWriteAllowed: true
12:24:48.836 [FXGL Background Thread 3 ] DEBUG Engine               - isFullScreenAllowed: false
12:24:48.836 [FXGL Background Thread 3 ] DEBUG Engine               - isFullScreenFromStart: false
12:24:48.836 [FXGL Background Thread 3 ] DEBUG Engine               - isGameMenuEnabled: true
12:24:48.836 [FXGL Background Thread 3 ] DEBUG Engine               - isIOS: false
12:24:48.836 [FXGL Background Thread 3 ] DEBUG Engine               - isIntroEnabled: false
12:24:48.836 [FXGL Background Thread 3 ] DEBUG Engine               - isLinux: false
12:24:48.836 [FXGL Background Thread 3 ] DEBUG Engine               - isMac: false
12:24:48.836 [FXGL Background Thread 3 ] DEBUG Engine               - isMainMenuEnabled: false
12:24:48.837 [FXGL Background Thread 3 ] DEBUG Engine               - isManualResizeEnabled: false
12:24:48.837 [FXGL Background Thread 3 ] DEBUG Engine               - isMobile: false
12:24:48.837 [FXGL Background Thread 3 ] DEBUG Engine               - isNative: false
12:24:48.837 [FXGL Background Thread 3 ] DEBUG Engine               - isPauseMusicWhenMinimized: true
12:24:48.837 [FXGL Background Thread 3 ] DEBUG Engine               - isPreserveResizeRatio: false
12:24:48.837 [FXGL Background Thread 3 ] DEBUG Engine               - isProfilingEnabled: false
12:24:48.837 [FXGL Background Thread 3 ] DEBUG Engine               - isScaleAffectedOnResize: true
12:24:48.838 [FXGL Background Thread 3 ] DEBUG Engine               - isSingleStep: false
12:24:48.838 [FXGL Background Thread 3 ] DEBUG Engine               - isUserProfileEnabled: false
12:24:48.838 [FXGL Background Thread 3 ] DEBUG Engine               - isWindows: true
12:24:48.838 [FXGL Background Thread 3 ] DEBUG Engine               - language: ObjectProperty [value: ENGLISH]
12:24:48.838 [FXGL Background Thread 3 ] DEBUG Engine               - menuKey: ESCAPE
12:24:48.838 [FXGL Background Thread 3 ] DEBUG Engine               - mouseSensitivity: 0.2
12:24:48.839 [FXGL Background Thread 3 ] DEBUG Engine               - notificationViewClass: class com.almasb.fxgl.notification.view.XboxNotificationView
12:24:48.839 [FXGL Background Thread 3 ] DEBUG Engine               - pixelsPerMeter: 50.0
12:24:48.839 [FXGL Background Thread 3 ] DEBUG Engine               - platform: WINDOWS
12:24:48.839 [FXGL Background Thread 3 ] DEBUG Engine               - prefHeightProperty: ReadOnlyDoubleProperty [value: 800.0]
12:24:48.839 [FXGL Background Thread 3 ] DEBUG Engine               - prefWidthProperty: ReadOnlyDoubleProperty [value: 480.0]
12:24:48.840 [FXGL Background Thread 3 ] DEBUG Engine               - profileDir: profiles/
12:24:48.840 [FXGL Background Thread 3 ] DEBUG Engine               - profileName: StringProperty [value: DEFAULT]
12:24:48.840 [FXGL Background Thread 3 ] DEBUG Engine               - randomSeed: -1
12:24:48.840 [FXGL Background Thread 3 ] DEBUG Engine               - runtimeInfo: RuntimeInfo(platform=WINDOWS, version=21, build=28.12.2023 13.35)
12:24:48.840 [FXGL Background Thread 3 ] DEBUG Engine               - saveFileExt: sav
12:24:48.841 [FXGL Background Thread 3 ] DEBUG Engine               - scaledHeightProp$fxgl: DoubleProperty [bound, value: 800.0]
12:24:48.841 [FXGL Background Thread 3 ] DEBUG Engine               - scaledWidthProp$fxgl: DoubleProperty [bound, value: 480.0]
12:24:48.841 [FXGL Background Thread 3 ] DEBUG Engine               - sceneFactory: com.almasb.fxgl.app.scene.SceneFactory@3ea7ac6b
12:24:48.841 [FXGL Background Thread 3 ] DEBUG Engine               - secondsIn24h: 60
12:24:48.841 [FXGL Background Thread 3 ] DEBUG Engine               - soundMenuBack: menu/back.wav
12:24:48.841 [FXGL Background Thread 3 ] DEBUG Engine               - soundMenuPress: menu/press.wav
12:24:48.841 [FXGL Background Thread 3 ] DEBUG Engine               - soundMenuSelect: menu/select.wav
12:24:48.841 [FXGL Background Thread 3 ] DEBUG Engine               - soundNotification: core/notification.wav
12:24:48.841 [FXGL Background Thread 3 ] DEBUG Engine               - stageStyle: DECORATED
12:24:48.841 [FXGL Background Thread 3 ] DEBUG Engine               - supportedLanguages: [ENGLISH, FRENCH, GERMAN, HUNGARIAN, RUSSIAN]
12:24:48.842 [FXGL Background Thread 3 ] DEBUG Engine               - ticksPerSecond: -1
12:24:48.842 [FXGL Background Thread 3 ] DEBUG Engine               - title: Drop
12:24:48.842 [FXGL Background Thread 3 ] DEBUG Engine               - urlGithub: https://github.com/AlmasB/FXGL
12:24:48.842 [FXGL Background Thread 3 ] DEBUG Engine               - urlLeaderboard: http://fxgl-top.herokuapp.com/
12:24:48.842 [FXGL Background Thread 3 ] DEBUG Engine               - urlPOM: https://raw.githubusercontent.com/AlmasB/FXGL/release/README.md
12:24:48.842 [FXGL Background Thread 3 ] DEBUG Engine               - userAppClass: class com.example.final_project_schaar_zugaj.Game
12:24:48.843 [FXGL Background Thread 3 ] DEBUG Engine               - version: 1.0
12:24:48.843 [FXGL Background Thread 3 ] DEBUG Engine               - versionCheckDays: 7
12:24:48.843 [FXGL Background Thread 3 ] DEBUG Engine               - width: 480
12:24:48.843 [FXGL Background Thread 3 ] DEBUG Engine               - Logging services
12:24:48.843 [FXGL Background Thread 3 ] DEBUG Engine               - class com.almasb.fxgl.app.services.FXGLAssetLoaderService
12:24:48.843 [FXGL Background Thread 3 ] DEBUG Engine               - class com.almasb.fxgl.app.FXGLApplication$GameApplicationService
12:24:48.843 [FXGL Background Thread 3 ] DEBUG Engine               - class com.almasb.fxgl.app.services.FXGLDialogService
12:24:48.843 [FXGL Background Thread 3 ] DEBUG Engine               - class com.almasb.fxgl.app.services.IOTaskExecutorService
12:24:48.843 [FXGL Background Thread 3 ] DEBUG Engine               - class com.almasb.fxgl.io.FileSystemService
12:24:48.843 [FXGL Background Thread 3 ] DEBUG Engine               - class com.almasb.fxgl.localization.LocalizationService
12:24:48.843 [FXGL Background Thread 3 ] DEBUG Engine               - class com.almasb.fxgl.app.services.SystemBundleService
12:24:48.843 [FXGL Background Thread 3 ] DEBUG Engine               - class com.almasb.fxgl.profile.SaveLoadService
12:24:48.844 [FXGL Background Thread 3 ] DEBUG Engine               - class com.almasb.fxgl.ui.FXGLUIFactoryServiceProvider
12:24:48.844 [FXGL Background Thread 3 ] DEBUG Engine               - class com.almasb.fxgl.ui.FXGLDialogFactoryServiceProvider
12:24:48.844 [FXGL Background Thread 3 ] DEBUG Engine               - class com.almasb.fxgl.audio.AudioPlayer
12:24:48.844 [FXGL Background Thread 3 ] DEBUG Engine               - class com.almasb.fxgl.notification.impl.NotificationServiceProvider
12:24:48.844 [FXGL Background Thread 3 ] DEBUG Engine               - class com.almasb.fxgl.achievement.AchievementService
12:24:48.844 [FXGL Background Thread 3 ] DEBUG Engine               - class com.almasb.fxgl.cutscene.CutsceneService
12:24:48.844 [FXGL Background Thread 3 ] DEBUG Engine               - class com.almasb.fxgl.minigames.MiniGameService
12:24:48.844 [FXGL Background Thread 3 ] DEBUG Engine               - class com.almasb.fxgl.net.NetService
12:24:48.844 [FXGL Background Thread 3 ] DEBUG Engine               - class com.almasb.fxgl.app.services.UpdaterService
12:24:48.844 [FXGL Background Thread 3 ] DEBUG Engine               - class com.almasb.fxgl.dev.DevService
12:24:49.272 [FXGL Background Thread 2 ] INFO  UpdaterService       - Your current version:  21
12:24:49.273 [FXGL Background Thread 2 ] INFO  UpdaterService       - Latest stable version: 21.1
12:24:50.391 [JavaFX Application Thread] DEBUG FXGLAssetLoaderServi - Loading from file system: file:/C:/Users/kiese/Documents/Schule/3AHWIN/POS/FXGLGames-master/FXGLGames-master/Drop/target/classes/assets/sounds/drop.wav
12:24:56.784 [JavaFX Application Thread] DEBUG FXGLApplication      - Exiting FXGL
12:24:56.784 [JavaFX Application Thread] DEBUG LoopRunner           - Stopping loop
12:24:56.784 [JavaFX Application Thread] DEBUG SystemBundleService  - Saving FXGL system data
12:24:56.789 [JavaFX Application Thread] DEBUG FileSystemAccess     - Writing to: C:\Users\kiese\Documents\Schule\3AHWIN\POS\FXGLGames-master\FXGLGames-master\Drop\system\fxgl.bundle
12:24:56.793 [JavaFX Application Thread] DEBUG Async                - Shutting down background threads
12:24:56.794 [JavaFX Application Thread] DEBUG PrimaryStageWindow   - Closing main window
12:24:56.828 [JavaFX Application Thread] DEBUG Logger               - Closing Logger
