13:16:55.252 [main                     ] DEBUG Logger               - Configured Logger
13:16:55.282 [main                     ] DEBUG GameApplication      - Logging settings
Title: Drop
Version: 1.0
Width: 480
Height: 800
Fullscreen: false
Intro: false
Profiling: false
Single step:false
App Mode: DEVELOPER
Menu Key: ESCAPE
Stage Style: DECORATED
Scene Factory: class com.almasb.fxgl.app.scene.SceneFactory

13:16:55.696 [JavaFX Application Thread] DEBUG FXGLApplication      - Initializing FXGL
13:16:55.702 [JavaFX Application Thread] INFO  Engine               - FXGL-21 (28.12.2023 13.35) on WINDOWS (J:22.0.1 FX:21.0.1)
13:16:55.703 [JavaFX Application Thread] DEBUG Engine               - JRE Vendor Name: Oracle Corporation
13:16:55.703 [JavaFX Application Thread] DEBUG Engine               - Running on OS: Windows 11 version 10.0
13:16:55.703 [JavaFX Application Thread] DEBUG Engine               - Architecture: amd64
13:16:55.703 [JavaFX Application Thread] INFO  Engine               - Source code and latest versions at: https://github.com/AlmasB/FXGL
13:16:55.704 [JavaFX Application Thread] INFO  Engine               -       Ask questions and discuss at: https://github.com/AlmasB/FXGL/discussions
13:16:55.704 [JavaFX Application Thread] INFO  Engine               -              Join the FXGL chat at: https://gitter.im/AlmasB/FXGL
13:16:55.788 [JavaFX Application Thread] DEBUG PrimaryStageWindow   - Creating a JavaFX scene
13:16:55.837 [JavaFX Application Thread] DEBUG PrimaryStageWindow   - Target settings size: 480.0 x 800.0
13:16:55.839 [JavaFX Application Thread] DEBUG PrimaryStageWindow   - Scaled scene size:    480.0 x 800.0
13:16:55.839 [JavaFX Application Thread] DEBUG PrimaryStageWindow   - Scaled ratio: (1.0, 1.0)
13:16:55.840 [JavaFX Application Thread] DEBUG PrimaryStageWindow   - Set initial scene to FXGLStartupScene
13:16:55.844 [JavaFX Application Thread] DEBUG PrimaryStageWindow   - Opening main window
13:16:55.937 [JavaFX Application Thread] DEBUG PrimaryStageWindow   - Window border size: (16.0, 39.0)
13:16:55.938 [JavaFX Application Thread] DEBUG PrimaryStageWindow   - Scaled size: 480.0 x 800.0
13:16:55.938 [JavaFX Application Thread] DEBUG PrimaryStageWindow   - Scaled ratio: (1.0, 1.0)
13:16:55.939 [JavaFX Application Thread] DEBUG PrimaryStageWindow   - Scene size: 480.0 x 800.0
13:16:55.939 [JavaFX Application Thread] DEBUG PrimaryStageWindow   - Stage size: 496.0 x 839.0
13:16:55.948 [FXGL Background Thread 1 ] DEBUG Engine               - Initializing environment variables
13:16:56.024 [FXGL Background Thread 1 ] DEBUG FXGLAssetLoaderServi - User app class for loading assets: class com.example.final_project_schaar_zugaj.Game
13:16:56.025 [FXGL Background Thread 1 ] DEBUG GameApplicationServi - Applying CSS: fxgl_dark.css
13:16:56.027 [FXGL Background Thread 1 ] DEBUG FXGLAssetLoaderServi - Loading from file system: jar:file:///C:/Users/kiese/.m2/repository/com/github/almasb/fxgl/21/fxgl-21.jar!/fxglassets/ui/css/fxgl_dark.css
13:16:56.088 [FXGL Background Thread 1 ] DEBUG GameApplicationServi - Initializing application scenes
13:16:56.136 [FXGL Background Thread 1 ] DEBUG GameWorld            - Game world initialized
13:16:56.202 [FXGL Background Thread 1 ] DEBUG PhysicsWorld         - Physics world initialized: appHeight=800, physics.ppm=50,0
13:16:56.202 [FXGL Background Thread 1 ] DEBUG PhysicsWorld         - Using strategy: BRUTE_FORCE
13:16:56.209 [FXGL Background Thread 1 ] DEBUG GameScene            - Game scene initialized: 480x800
13:16:56.228 [FXGL Background Thread 1 ] WARN  FXGL.DefaultMenu     - FXGLDefaultMenu is not designed for resolutions < 800x600
13:16:56.229 [FXGL Background Thread 1 ] DEBUG FXGL.DefaultMenu     - createMenuBodyGameMenu()
13:16:56.252 [FXGL Background Thread 1 ] DEBUG FXGL.DefaultMenu     - createOptionsMenu()
13:16:56.270 [FXGL Background Thread 1 ] DEBUG FXGLAssetLoaderServi - Loading from file system: jar:file:///C:/Users/kiese/.m2/repository/com/github/almasb/fxgl/21/fxgl-21.jar!/fxglassets/textures/particles/smoke.png
13:16:56.398 [FXGL Background Thread 1 ] DEBUG FXGLAssetLoaderServi - Loading from file system: jar:file:///C:/Users/kiese/.m2/repository/com/github/almasb/fxgl/21/fxgl-21.jar!/fxglassets/textures/particles/trace_horizontal.png
13:16:56.432 [FXGL Background Thread 1 ] DEBUG GameApplicationServi - Application scenes initialized
13:16:56.460 [FXGL Background Thread 1 ] DEBUG SystemBundleService  - Loading FXGL system data
13:16:56.469 [FXGL Background Thread 1 ] DEBUG FileSystemAccess     - Reading from: C:\Users\kiese\Documents\Schule\3AHWIN\POS\FXGLGames-master\FXGLGames-master\Drop\system\fxgl.bundle
13:16:56.484 [FXGL Background Thread 1 ] DEBUG SystemBundleService  - Bundle FXGL: {}
13:16:56.484 [FXGL Background Thread 1 ] DEBUG UpdaterService       - Checking for updates
13:16:56.493 [FXGL Background Thread 4 ] DEBUG FXGLApplication      - Loading fonts
13:16:56.494 [FXGL Background Thread 4 ] DEBUG FXGLAssetLoaderServi - Loading from file system: jar:file:///C:/Users/kiese/.m2/repository/com/github/almasb/fxgl/21/fxgl-21.jar!/fxglassets/ui/fonts/VarelaRound-Regular.ttf
13:16:56.494 [FXGL Background Thread 1 ] DEBUG FXGLApplication      - Loading default localization
13:16:56.495 [FXGL Background Thread 1 ] DEBUG FXGLAssetLoaderServi - Loading from file system: jar:file:///C:/Users/kiese/.m2/repository/com/github/almasb/fxgl/21/fxgl-21.jar!/fxglassets/languages/english.lang
13:16:56.527 [FXGL Background Thread 1 ] INFO  FXGLApplication      - FXGL initialization took: 0,578 sec
13:16:56.529 [JavaFX Application Thread] DEBUG FXGLAssetLoaderServi - Loading from file system: jar:file:///C:/Users/kiese/.m2/repository/com/github/almasb/fxgl/21/fxgl-21.jar!/fxglassets/textures/fxgl_icon.png
13:16:56.531 [FXGL Background Thread 4 ] DEBUG FXGLAssetLoaderServi - Loading from file system: jar:file:///C:/Users/kiese/.m2/repository/com/github/almasb/fxgl/21/fxgl-21.jar!/fxglassets/ui/fonts/Abel-Regular.ttf
13:16:56.536 [FXGL Background Thread 4 ] DEBUG FXGLAssetLoaderServi - Loading from file system: jar:file:///C:/Users/kiese/.m2/repository/com/github/almasb/fxgl/21/fxgl-21.jar!/fxglassets/ui/fonts/TerminalLandMono-Regular.otf
13:16:56.540 [FXGL Background Thread 4 ] DEBUG FXGLAssetLoaderServi - Loading from file system: jar:file:///C:/Users/kiese/.m2/repository/com/github/almasb/fxgl/21/fxgl-21.jar!/fxglassets/ui/fonts/Courier-Prime.ttf
13:16:56.550 [JavaFX Application Thread] DEBUG FXGLAssetLoaderServi - Loading from file system: jar:file:///C:/Users/kiese/.m2/repository/com/github/almasb/fxgl/21/fxgl-21.jar!/fxglassets/textures/fxgl_default_cursor.png
13:16:56.564 [JavaFX Application Thread] DEBUG Input                - Registered new binding: Screenshot - CTRL+8
13:16:56.565 [JavaFX Application Thread] DEBUG Input                - Registered new binding: System info dump - CTRL+9
13:16:56.566 [JavaFX Application Thread] DEBUG Input                - Registered new binding: Restart - CTRL+R
13:16:56.567 [JavaFX Application Thread] DEBUG Input                - Registered new binding: Toggle Debug Camera - CTRL+7
13:16:56.571 [JavaFX Application Thread] DEBUG LoopRunner           - Starting loop
13:16:56.571 [JavaFX Application Thread] DEBUG LoopRunner           - Initializing JavaFX AnimationTimerLoop
13:16:56.573 [JavaFX Application Thread] DEBUG GameApplicationServi - Starting new game
13:16:56.574 [JavaFX Application Thread] DEBUG Input                - Clearing active input actions
13:16:56.590 [JavaFX Application Thread] DEBUG GameApplicationServi - Removing overlay from FXGLStartupScene and adding to FXGLLoadingScene
13:16:56.591 [JavaFX Application Thread] DEBUG PrimaryStageWindow   - FXGLStartupScene -> FXGLLoadingScene
13:16:56.591 [JavaFX Application Thread] DEBUG GameApplicationServi - Clearing previous game
13:16:56.591 [JavaFX Application Thread] DEBUG GameScene            - Clearing game scene
13:16:56.591 [JavaFX Application Thread] DEBUG GameWorld            - Clearing game world
13:16:56.592 [JavaFX Application Thread] DEBUG PhysicsWorld         - Clearing physics world
13:16:56.594 [JavaFX Application Thread] DEBUG FXGLApplication      - Registering font factories with UI factory
13:16:56.598 [FXGL Background Thread 4 ] DEBUG FXGLAssetLoaderServi - Loading from file system: file:/C:/Users/kiese/Documents/Schule/3AHWIN/POS/FXGLGames-master/FXGLGames-master/Drop/target/classes/assets/textures/bucket.png
13:16:56.620 [FXGL Background Thread 4 ] DEBUG FXGLAssetLoaderServi - Loading from file system: file:/C:/Users/kiese/Documents/Schule/3AHWIN/POS/FXGLGames-master/FXGLGames-master/Drop/target/classes/assets/music/bgm.mp3
13:16:56.802 [FXGL Background Thread 4 ] DEBUG AudioPlayer          - Playing music com.almasb.fxgl.audio.Music@3ae37dc7
13:16:56.805 [FXGL Background Thread 4 ] INFO  FXGLApplication      - Game initialization took: 0,211 sec
13:16:56.811 [JavaFX Application Thread] DEBUG Input                - Clearing active input actions
13:16:56.823 [JavaFX Application Thread] DEBUG GameApplicationServi - Removing overlay from FXGLLoadingScene and adding to GameScene
13:16:56.823 [JavaFX Application Thread] DEBUG PrimaryStageWindow   - FXGLLoadingScene -> GameScene
13:16:58.058 [FXGL Background Thread 2 ] INFO  UpdaterService       - Your current version:  21
13:16:58.059 [FXGL Background Thread 2 ] INFO  UpdaterService       - Latest stable version: 21.1
13:16:58.468 [JavaFX Application Thread] DEBUG FXGLAssetLoaderServi - Loading from file system: file:/C:/Users/kiese/Documents/Schule/3AHWIN/POS/FXGLGames-master/FXGLGames-master/Drop/target/classes/assets/textures/droplet.png
13:16:59.491 [FXGL Background Thread 3 ] DEBUG Engine               - Logging environment variables
13:16:59.491 [FXGL Background Thread 3 ] DEBUG Engine               - achievements: []
13:16:59.491 [FXGL Background Thread 3 ] DEBUG Engine               - actualHeight: 800.0
13:16:59.491 [FXGL Background Thread 3 ] DEBUG Engine               - actualHeightProperty: ReadOnlyDoubleProperty [value: 800.0]
13:16:59.491 [FXGL Background Thread 3 ] DEBUG Engine               - actualWidth: 480.0
13:16:59.492 [FXGL Background Thread 3 ] DEBUG Engine               - actualWidthProperty: ReadOnlyDoubleProperty [value: 480.0]
13:16:59.492 [FXGL Background Thread 3 ] DEBUG Engine               - appIcon: fxgl_icon.png
13:16:59.492 [FXGL Background Thread 3 ] DEBUG Engine               - applicationMode: DEVELOPER
13:16:59.492 [FXGL Background Thread 3 ] DEBUG Engine               - cSSList: [fxgl_dark.css]
13:16:59.492 [FXGL Background Thread 3 ] DEBUG Engine               - collisionDetectionStrategy: BRUTE_FORCE
13:16:59.492 [FXGL Background Thread 3 ] DEBUG Engine               - configClass: Optional.empty
13:16:59.492 [FXGL Background Thread 3 ] DEBUG Engine               - credits: []
13:16:59.493 [FXGL Background Thread 3 ] DEBUG Engine               - defaultCursor: CursorInfo(imageName=fxgl_default_cursor.png, hotspotX=7.0, hotspotY=6.0)
13:16:59.493 [FXGL Background Thread 3 ] DEBUG Engine               - devBBoxColorProperty: ObjectProperty [value: 0xff0000ff]
13:16:59.493 [FXGL Background Thread 3 ] DEBUG Engine               - devEnableDebugCameraProperty: BooleanProperty [value: false]
13:16:59.493 [FXGL Background Thread 3 ] DEBUG Engine               - devSensorColorProperty: ObjectProperty [value: 0xffff00ff]
13:16:59.493 [FXGL Background Thread 3 ] DEBUG Engine               - devShowBBoxProperty: BooleanProperty [value: false]
13:16:59.493 [FXGL Background Thread 3 ] DEBUG Engine               - devShowPositionProperty: BooleanProperty [value: false]
13:16:59.493 [FXGL Background Thread 3 ] DEBUG Engine               - enabledMenuItems: []
13:16:59.493 [FXGL Background Thread 3 ] DEBUG Engine               - engineServices: [class com.almasb.fxgl.app.services.FXGLAssetLoaderService, class com.almasb.fxgl.app.FXGLApplication$GameApplicationService, class com.almasb.fxgl.app.services.FXGLDialogService, class com.almasb.fxgl.app.services.IOTaskExecutorService, class com.almasb.fxgl.io.FileSystemService, class com.almasb.fxgl.localization.LocalizationService, class com.almasb.fxgl.app.services.SystemBundleService, class com.almasb.fxgl.profile.SaveLoadService, class com.almasb.fxgl.ui.FXGLUIFactoryServiceProvider, class com.almasb.fxgl.ui.FXGLDialogFactoryServiceProvider, class com.almasb.fxgl.audio.AudioPlayer, class com.almasb.fxgl.notification.impl.NotificationServiceProvider, class com.almasb.fxgl.achievement.AchievementService, class com.almasb.fxgl.cutscene.CutsceneService, class com.almasb.fxgl.minigames.MiniGameService, class com.almasb.fxgl.net.NetService, class com.almasb.fxgl.app.services.UpdaterService, class com.almasb.fxgl.dev.DevService]
13:16:59.493 [FXGL Background Thread 3 ] DEBUG Engine               - fontGame: Abel-Regular.ttf
13:16:59.493 [FXGL Background Thread 3 ] DEBUG Engine               - fontMono: TerminalLandMono-Regular.otf
13:16:59.493 [FXGL Background Thread 3 ] DEBUG Engine               - fontSizeScaleUI: 1.0
13:16:59.493 [FXGL Background Thread 3 ] DEBUG Engine               - fontText: Courier-Prime.ttf
13:16:59.493 [FXGL Background Thread 3 ] DEBUG Engine               - fontUI: VarelaRound-Regular.ttf
13:16:59.493 [FXGL Background Thread 3 ] DEBUG Engine               - fullScreen: BooleanProperty [value: false]
13:16:59.493 [FXGL Background Thread 3 ] DEBUG Engine               - gameDifficulty: MEDIUM
13:16:59.493 [FXGL Background Thread 3 ] DEBUG Engine               - gameDifficultyProperty: ObjectProperty [value: MEDIUM]
13:16:59.494 [FXGL Background Thread 3 ] DEBUG Engine               - globalMusicVolume: 0.5
13:16:59.494 [FXGL Background Thread 3 ] DEBUG Engine               - globalMusicVolumeProperty: DoubleProperty [value: 0.5]
13:16:59.494 [FXGL Background Thread 3 ] DEBUG Engine               - globalSoundVolume: 0.5
13:16:59.494 [FXGL Background Thread 3 ] DEBUG Engine               - globalSoundVolumeProperty: DoubleProperty [value: 0.5]
13:16:59.494 [FXGL Background Thread 3 ] DEBUG Engine               - height: 800
13:16:59.494 [FXGL Background Thread 3 ] DEBUG Engine               - is3D: false
13:16:59.494 [FXGL Background Thread 3 ] DEBUG Engine               - isAndroid: false
13:16:59.494 [FXGL Background Thread 3 ] DEBUG Engine               - isBrowser: false
13:16:59.494 [FXGL Background Thread 3 ] DEBUG Engine               - isClickFeedbackEnabled: false
13:16:59.494 [FXGL Background Thread 3 ] DEBUG Engine               - isCloseConfirmation: false
13:16:59.494 [FXGL Background Thread 3 ] DEBUG Engine               - isDesktop: true
13:16:59.494 [FXGL Background Thread 3 ] DEBUG Engine               - isDeveloperMenuEnabled: false
13:16:59.495 [FXGL Background Thread 3 ] DEBUG Engine               - isEmbedded: false
13:16:59.495 [FXGL Background Thread 3 ] DEBUG Engine               - isEntityPreloadEnabled: true
13:16:59.495 [FXGL Background Thread 3 ] DEBUG Engine               - isExperimentalTiledLargeMap: false
13:16:59.495 [FXGL Background Thread 3 ] DEBUG Engine               - isFileSystemWriteAllowed: true
13:16:59.495 [FXGL Background Thread 3 ] DEBUG Engine               - isFullScreenAllowed: false
13:16:59.495 [FXGL Background Thread 3 ] DEBUG Engine               - isFullScreenFromStart: false
13:16:59.495 [FXGL Background Thread 3 ] DEBUG Engine               - isGameMenuEnabled: true
13:16:59.495 [FXGL Background Thread 3 ] DEBUG Engine               - isIOS: false
13:16:59.495 [FXGL Background Thread 3 ] DEBUG Engine               - isIntroEnabled: false
13:16:59.495 [FXGL Background Thread 3 ] DEBUG Engine               - isLinux: false
13:16:59.495 [FXGL Background Thread 3 ] DEBUG Engine               - isMac: false
13:16:59.495 [FXGL Background Thread 3 ] DEBUG Engine               - isMainMenuEnabled: false
13:16:59.495 [FXGL Background Thread 3 ] DEBUG Engine               - isManualResizeEnabled: false
13:16:59.495 [FXGL Background Thread 3 ] DEBUG Engine               - isMobile: false
13:16:59.495 [FXGL Background Thread 3 ] DEBUG Engine               - isNative: false
13:16:59.495 [FXGL Background Thread 3 ] DEBUG Engine               - isPauseMusicWhenMinimized: true
13:16:59.495 [FXGL Background Thread 3 ] DEBUG Engine               - isPreserveResizeRatio: false
13:16:59.495 [FXGL Background Thread 3 ] DEBUG Engine               - isProfilingEnabled: false
13:16:59.495 [FXGL Background Thread 3 ] DEBUG Engine               - isScaleAffectedOnResize: true
13:16:59.495 [FXGL Background Thread 3 ] DEBUG Engine               - isSingleStep: false
13:16:59.495 [FXGL Background Thread 3 ] DEBUG Engine               - isUserProfileEnabled: false
13:16:59.495 [FXGL Background Thread 3 ] DEBUG Engine               - isWindows: true
13:16:59.495 [FXGL Background Thread 3 ] DEBUG Engine               - language: ObjectProperty [value: ENGLISH]
13:16:59.495 [FXGL Background Thread 3 ] DEBUG Engine               - menuKey: ESCAPE
13:16:59.495 [FXGL Background Thread 3 ] DEBUG Engine               - mouseSensitivity: 0.2
13:16:59.495 [FXGL Background Thread 3 ] DEBUG Engine               - notificationViewClass: class com.almasb.fxgl.notification.view.XboxNotificationView
13:16:59.495 [FXGL Background Thread 3 ] DEBUG Engine               - pixelsPerMeter: 50.0
13:16:59.495 [FXGL Background Thread 3 ] DEBUG Engine               - platform: WINDOWS
13:16:59.495 [FXGL Background Thread 3 ] DEBUG Engine               - prefHeightProperty: ReadOnlyDoubleProperty [value: 800.0]
13:16:59.495 [FXGL Background Thread 3 ] DEBUG Engine               - prefWidthProperty: ReadOnlyDoubleProperty [value: 480.0]
13:16:59.496 [FXGL Background Thread 3 ] DEBUG Engine               - profileDir: profiles/
13:16:59.496 [FXGL Background Thread 3 ] DEBUG Engine               - profileName: StringProperty [value: DEFAULT]
13:16:59.496 [FXGL Background Thread 3 ] DEBUG Engine               - randomSeed: -1
13:16:59.496 [FXGL Background Thread 3 ] DEBUG Engine               - runtimeInfo: RuntimeInfo(platform=WINDOWS, version=21, build=28.12.2023 13.35)
13:16:59.496 [FXGL Background Thread 3 ] DEBUG Engine               - saveFileExt: sav
13:16:59.496 [FXGL Background Thread 3 ] DEBUG Engine               - scaledHeightProp$fxgl: DoubleProperty [bound, value: 800.0]
13:16:59.496 [FXGL Background Thread 3 ] DEBUG Engine               - scaledWidthProp$fxgl: DoubleProperty [bound, value: 480.0]
13:16:59.496 [FXGL Background Thread 3 ] DEBUG Engine               - sceneFactory: com.almasb.fxgl.app.scene.SceneFactory@633f4a9b
13:16:59.496 [FXGL Background Thread 3 ] DEBUG Engine               - secondsIn24h: 60
13:16:59.496 [FXGL Background Thread 3 ] DEBUG Engine               - soundMenuBack: menu/back.wav
13:16:59.496 [FXGL Background Thread 3 ] DEBUG Engine               - soundMenuPress: menu/press.wav
13:16:59.496 [FXGL Background Thread 3 ] DEBUG Engine               - soundMenuSelect: menu/select.wav
13:16:59.496 [FXGL Background Thread 3 ] DEBUG Engine               - soundNotification: core/notification.wav
13:16:59.496 [FXGL Background Thread 3 ] DEBUG Engine               - stageStyle: DECORATED
13:16:59.496 [FXGL Background Thread 3 ] DEBUG Engine               - supportedLanguages: [ENGLISH, FRENCH, GERMAN, HUNGARIAN, RUSSIAN]
13:16:59.496 [FXGL Background Thread 3 ] DEBUG Engine               - ticksPerSecond: -1
13:16:59.497 [FXGL Background Thread 3 ] DEBUG Engine               - title: Drop
13:16:59.497 [FXGL Background Thread 3 ] DEBUG Engine               - urlGithub: https://github.com/AlmasB/FXGL
13:16:59.497 [FXGL Background Thread 3 ] DEBUG Engine               - urlLeaderboard: http://fxgl-top.herokuapp.com/
13:16:59.497 [FXGL Background Thread 3 ] DEBUG Engine               - urlPOM: https://raw.githubusercontent.com/AlmasB/FXGL/release/README.md
13:16:59.497 [FXGL Background Thread 3 ] DEBUG Engine               - userAppClass: class com.example.final_project_schaar_zugaj.Game
13:16:59.497 [FXGL Background Thread 3 ] DEBUG Engine               - version: 1.0
13:16:59.497 [FXGL Background Thread 3 ] DEBUG Engine               - versionCheckDays: 7
13:16:59.497 [FXGL Background Thread 3 ] DEBUG Engine               - width: 480
13:16:59.497 [FXGL Background Thread 3 ] DEBUG Engine               - Logging services
13:16:59.497 [FXGL Background Thread 3 ] DEBUG Engine               - class com.almasb.fxgl.app.services.FXGLAssetLoaderService
13:16:59.497 [FXGL Background Thread 3 ] DEBUG Engine               - class com.almasb.fxgl.app.FXGLApplication$GameApplicationService
13:16:59.497 [FXGL Background Thread 3 ] DEBUG Engine               - class com.almasb.fxgl.app.services.FXGLDialogService
13:16:59.497 [FXGL Background Thread 3 ] DEBUG Engine               - class com.almasb.fxgl.app.services.IOTaskExecutorService
13:16:59.497 [FXGL Background Thread 3 ] DEBUG Engine               - class com.almasb.fxgl.io.FileSystemService
13:16:59.497 [FXGL Background Thread 3 ] DEBUG Engine               - class com.almasb.fxgl.localization.LocalizationService
13:16:59.497 [FXGL Background Thread 3 ] DEBUG Engine               - class com.almasb.fxgl.app.services.SystemBundleService
13:16:59.497 [FXGL Background Thread 3 ] DEBUG Engine               - class com.almasb.fxgl.profile.SaveLoadService
13:16:59.497 [FXGL Background Thread 3 ] DEBUG Engine               - class com.almasb.fxgl.ui.FXGLUIFactoryServiceProvider
13:16:59.497 [FXGL Background Thread 3 ] DEBUG Engine               - class com.almasb.fxgl.ui.FXGLDialogFactoryServiceProvider
13:16:59.497 [FXGL Background Thread 3 ] DEBUG Engine               - class com.almasb.fxgl.audio.AudioPlayer
13:16:59.497 [FXGL Background Thread 3 ] DEBUG Engine               - class com.almasb.fxgl.notification.impl.NotificationServiceProvider
13:16:59.497 [FXGL Background Thread 3 ] DEBUG Engine               - class com.almasb.fxgl.achievement.AchievementService
13:16:59.497 [FXGL Background Thread 3 ] DEBUG Engine               - class com.almasb.fxgl.cutscene.CutsceneService
13:16:59.497 [FXGL Background Thread 3 ] DEBUG Engine               - class com.almasb.fxgl.minigames.MiniGameService
13:16:59.498 [FXGL Background Thread 3 ] DEBUG Engine               - class com.almasb.fxgl.net.NetService
13:16:59.498 [FXGL Background Thread 3 ] DEBUG Engine               - class com.almasb.fxgl.app.services.UpdaterService
13:16:59.498 [FXGL Background Thread 3 ] DEBUG Engine               - class com.almasb.fxgl.dev.DevService
13:17:01.045 [JavaFX Application Thread] DEBUG FXGLAssetLoaderServi - Loading from file system: file:/C:/Users/kiese/Documents/Schule/3AHWIN/POS/FXGLGames-master/FXGLGames-master/Drop/target/classes/assets/sounds/drop.wav
13:17:13.834 [JavaFX Application Thread] DEBUG FXGLApplication      - Exiting FXGL
13:17:13.834 [JavaFX Application Thread] DEBUG LoopRunner           - Stopping loop
13:17:13.835 [JavaFX Application Thread] DEBUG SystemBundleService  - Saving FXGL system data
13:17:13.837 [JavaFX Application Thread] DEBUG FileSystemAccess     - Writing to: C:\Users\kiese\Documents\Schule\3AHWIN\POS\FXGLGames-master\FXGLGames-master\Drop\system\fxgl.bundle
13:17:13.840 [JavaFX Application Thread] DEBUG Async                - Shutting down background threads
13:17:13.840 [JavaFX Application Thread] DEBUG PrimaryStageWindow   - Closing main window
13:17:13.852 [JavaFX Application Thread] DEBUG Logger               - Closing Logger
