09:35:25.708 [main                     ] DEBUG Logger               - Configured Logger
09:35:25.736 [main                     ] DEBUG GameApplication      - Logging settings
Title: Clicker Game
Version: 0.0
Width: 800
Height: 800
Fullscreen: true
Intro: false
Profiling: false
Single step:false
App Mode: DEVELOPER
Menu Key: ESCAPE
Stage Style: DECORATED
Scene Factory: class com.almasb.fxgl.app.scene.SceneFactory

09:35:26.166 [JavaFX Application Thread] DEBUG FXGLApplication      - Initializing FXGL
09:35:26.171 [JavaFX Application Thread] INFO  Engine               - FXGL-21 (28.12.2023 13.35) on WINDOWS (J:22.0.1 FX:21.0.1)
09:35:26.172 [JavaFX Application Thread] DEBUG Engine               - JRE Vendor Name: Oracle Corporation
09:35:26.172 [JavaFX Application Thread] DEBUG Engine               - Running on OS: Windows 11 version 10.0
09:35:26.172 [JavaFX Application Thread] DEBUG Engine               - Architecture: amd64
09:35:26.172 [JavaFX Application Thread] INFO  Engine               - Source code and latest versions at: https://github.com/AlmasB/FXGL
09:35:26.172 [JavaFX Application Thread] INFO  Engine               -       Ask questions and discuss at: https://github.com/AlmasB/FXGL/discussions
09:35:26.172 [JavaFX Application Thread] INFO  Engine               -              Join the FXGL chat at: https://gitter.im/AlmasB/FXGL
09:35:26.277 [JavaFX Application Thread] DEBUG PrimaryStageWindow   - Creating a JavaFX scene
09:35:26.346 [JavaFX Application Thread] DEBUG PrimaryStageWindow   - Target settings size: 800.0 x 800.0
09:35:26.346 [JavaFX Application Thread] DEBUG PrimaryStageWindow   - Scaled scene size:    800.0 x 800.0
09:35:26.347 [JavaFX Application Thread] DEBUG PrimaryStageWindow   - Scaled ratio: (1.0, 1.0)
09:35:26.348 [JavaFX Application Thread] DEBUG PrimaryStageWindow   - Set initial scene to FXGLStartupScene
09:35:26.355 [JavaFX Application Thread] DEBUG PrimaryStageWindow   - Opening main window
09:35:26.524 [JavaFX Application Thread] DEBUG PrimaryStageWindow   - Window border size: (16.0, 39.0)
09:35:26.525 [JavaFX Application Thread] DEBUG PrimaryStageWindow   - Scaled size: 800.0 x 800.0
09:35:26.526 [JavaFX Application Thread] DEBUG PrimaryStageWindow   - Scaled ratio: (1.0, 1.0)
09:35:26.527 [JavaFX Application Thread] DEBUG PrimaryStageWindow   - Scene size: 800.0 x 800.0
09:35:26.528 [JavaFX Application Thread] DEBUG PrimaryStageWindow   - Stage size: 816.0 x 839.0
09:35:26.577 [FXGL Background Thread 1 ] DEBUG Engine               - Initializing environment variables
09:35:26.755 [FXGL Background Thread 1 ] DEBUG FXGLAssetLoaderServi - User app class for loading assets: class com.example.final_project_schaar_zugaj.Game
09:35:26.757 [FXGL Background Thread 1 ] DEBUG GameApplicationServi - Applying CSS: fxgl_dark.css
09:35:26.780 [FXGL Background Thread 1 ] DEBUG FXGLAssetLoaderServi - Loading from file system: jar:file:///C:/Users/kiese/.m2/repository/com/github/almasb/fxgl/21/fxgl-21.jar!/fxglassets/ui/css/fxgl_dark.css
09:35:26.896 [FXGL Background Thread 1 ] DEBUG GameApplicationServi - Initializing application scenes
09:35:26.962 [FXGL Background Thread 1 ] DEBUG GameWorld            - Game world initialized
09:35:27.046 [FXGL Background Thread 1 ] DEBUG PhysicsWorld         - Physics world initialized: appHeight=800, physics.ppm=50,0
09:35:27.046 [FXGL Background Thread 1 ] DEBUG PhysicsWorld         - Using strategy: BRUTE_FORCE
09:35:27.053 [FXGL Background Thread 1 ] DEBUG GameScene            - Game scene initialized: 800x800
09:35:27.070 [FXGL Background Thread 1 ] DEBUG FXGL.DefaultMenu     - createMenuBodyMainMenu()
09:35:27.103 [FXGL Background Thread 1 ] DEBUG FXGL.DefaultMenu     - createOptionsMenu()
09:35:27.113 [FXGL Background Thread 1 ] DEBUG FXGL.DefaultMenu     - createExtraMenu()
09:35:27.125 [FXGL Background Thread 1 ] DEBUG FXGLAssetLoaderServi - Loading from file system: jar:file:///C:/Users/kiese/.m2/repository/com/github/almasb/fxgl/21/fxgl-21.jar!/fxglassets/textures/particles/smoke.png
09:35:27.228 [FXGL Background Thread 1 ] DEBUG FXGLAssetLoaderServi - Loading from file system: jar:file:///C:/Users/kiese/.m2/repository/com/github/almasb/fxgl/21/fxgl-21.jar!/fxglassets/textures/particles/trace_horizontal.png
09:35:27.257 [FXGL Background Thread 1 ] DEBUG FXGL.DefaultMenu     - createMenuBodyGameMenu()
09:35:27.259 [FXGL Background Thread 1 ] DEBUG FXGL.DefaultMenu     - createOptionsMenu()
09:35:27.262 [FXGL Background Thread 1 ] DEBUG FXGL.DefaultMenu     - createExtraMenu()
09:35:27.275 [FXGL Background Thread 1 ] DEBUG GameApplicationServi - Application scenes initialized
09:35:27.290 [FXGL Background Thread 1 ] DEBUG SystemBundleService  - Loading FXGL system data
09:35:27.295 [FXGL Background Thread 1 ] DEBUG FileSystemAccess     - Reading from: C:\Users\kiese\Documents\Schule\3AHWIN\POS\Final_Project_Schaar_Zugaj\system\fxgl.bundle
09:35:27.305 [FXGL Background Thread 1 ] DEBUG SystemBundleService  - Bundle FXGL: {}
09:35:27.306 [FXGL Background Thread 1 ] DEBUG UpdaterService       - Checking for updates
09:35:27.313 [FXGL Background Thread 1 ] DEBUG FXGLApplication      - Loading default localization
09:35:27.314 [FXGL Background Thread 4 ] DEBUG FXGLApplication      - Loading fonts
09:35:27.314 [FXGL Background Thread 1 ] DEBUG FXGLAssetLoaderServi - Loading from file system: jar:file:///C:/Users/kiese/.m2/repository/com/github/almasb/fxgl/21/fxgl-21.jar!/fxglassets/languages/english.lang
09:35:27.315 [FXGL Background Thread 4 ] DEBUG FXGLAssetLoaderServi - Loading from file system: jar:file:///C:/Users/kiese/.m2/repository/com/github/almasb/fxgl/21/fxgl-21.jar!/fxglassets/ui/fonts/VarelaRound-Regular.ttf
09:35:27.339 [FXGL Background Thread 1 ] INFO  FXGLApplication      - FXGL initialization took: 0,763 sec
09:35:27.340 [JavaFX Application Thread] DEBUG FXGLAssetLoaderServi - Loading from file system: jar:file:///C:/Users/kiese/.m2/repository/com/github/almasb/fxgl/21/fxgl-21.jar!/fxglassets/textures/fxgl_icon.png
09:35:27.357 [FXGL Background Thread 4 ] DEBUG FXGLAssetLoaderServi - Loading from file system: jar:file:///C:/Users/kiese/.m2/repository/com/github/almasb/fxgl/21/fxgl-21.jar!/fxglassets/ui/fonts/Abel-Regular.ttf
09:35:27.361 [FXGL Background Thread 4 ] DEBUG FXGLAssetLoaderServi - Loading from file system: jar:file:///C:/Users/kiese/.m2/repository/com/github/almasb/fxgl/21/fxgl-21.jar!/fxglassets/ui/fonts/TerminalLandMono-Regular.otf
09:35:27.364 [JavaFX Application Thread] DEBUG FXGLAssetLoaderServi - Loading from file system: jar:file:///C:/Users/kiese/.m2/repository/com/github/almasb/fxgl/21/fxgl-21.jar!/fxglassets/textures/fxgl_default_cursor.png
09:35:27.366 [FXGL Background Thread 4 ] DEBUG FXGLAssetLoaderServi - Loading from file system: jar:file:///C:/Users/kiese/.m2/repository/com/github/almasb/fxgl/21/fxgl-21.jar!/fxglassets/ui/fonts/Courier-Prime.ttf
09:35:27.377 [JavaFX Application Thread] DEBUG Input                - Registered new binding: Screenshot - CTRL+8
09:35:27.378 [JavaFX Application Thread] DEBUG Input                - Registered new binding: System info dump - CTRL+9
09:35:27.378 [JavaFX Application Thread] DEBUG Input                - Registered new binding: Restart - CTRL+R
09:35:27.380 [JavaFX Application Thread] DEBUG Input                - Registered new binding: Toggle Debug Camera - CTRL+7
09:35:27.384 [JavaFX Application Thread] DEBUG AchievementService   - Registered new achievement: Test
09:35:27.385 [JavaFX Application Thread] DEBUG LoopRunner           - Starting loop
09:35:27.385 [JavaFX Application Thread] DEBUG LoopRunner           - Initializing JavaFX AnimationTimerLoop
09:35:27.387 [JavaFX Application Thread] DEBUG Input                - Clearing active input actions
09:35:27.395 [JavaFX Application Thread] DEBUG GameApplicationServi - Removing overlay from FXGLStartupScene and adding to FXGLMainMenuDummyScene
09:35:27.396 [JavaFX Application Thread] DEBUG PrimaryStageWindow   - FXGLStartupScene -> FXGLMainMenuDummyScene
09:35:27.396 [JavaFX Application Thread] DEBUG PrimaryStageWindow   - Push state: FXGLDefaultMenu
09:35:27.403 [JavaFX Application Thread] DEBUG Input                - Clearing active input actions
09:35:27.413 [JavaFX Application Thread] DEBUG GameApplicationServi - Removing overlay from FXGLMainMenuDummyScene and adding to FXGLDefaultMenu
09:35:27.414 [JavaFX Application Thread] DEBUG PrimaryStageWindow   - FXGLMainMenuDummyScene -> FXGLDefaultMenu
09:35:27.422 [JavaFX Application Thread] DEBUG FXGLApplication      - Registering font factories with UI factory
09:35:27.822 [FXGL Background Thread 2 ] INFO  UpdaterService       - Your current version:  21
09:35:27.823 [FXGL Background Thread 2 ] INFO  UpdaterService       - Latest stable version: 21.1
09:35:29.034 [JavaFX Application Thread] DEBUG Menu                 - fireNewGame()
09:35:29.034 [JavaFX Application Thread] DEBUG GameApplicationServi - Starting new game
09:35:29.036 [JavaFX Application Thread] DEBUG PrimaryStageWindow   - Pop state: FXGLDefaultMenu
09:35:29.036 [JavaFX Application Thread] DEBUG Input                - Clearing active input actions
09:35:29.036 [JavaFX Application Thread] DEBUG GameApplicationServi - Removing overlay from FXGLDefaultMenu and adding to FXGLMainMenuDummyScene
09:35:29.037 [JavaFX Application Thread] DEBUG PrimaryStageWindow   - FXGLMainMenuDummyScene <- FXGLDefaultMenu
09:35:29.037 [JavaFX Application Thread] DEBUG Input                - Clearing active input actions
09:35:29.049 [JavaFX Application Thread] DEBUG GameApplicationServi - Removing overlay from FXGLMainMenuDummyScene and adding to FXGLLoadingScene
09:35:29.050 [JavaFX Application Thread] DEBUG PrimaryStageWindow   - FXGLMainMenuDummyScene -> FXGLLoadingScene
09:35:29.050 [JavaFX Application Thread] DEBUG GameApplicationServi - Clearing previous game
09:35:29.050 [JavaFX Application Thread] DEBUG GameScene            - Clearing game scene
09:35:29.050 [JavaFX Application Thread] DEBUG GameWorld            - Clearing game world
09:35:29.050 [JavaFX Application Thread] DEBUG PhysicsWorld         - Clearing physics world
09:35:29.052 [FXGL Background Thread 2 ] DEBUG FXGLApplication      - Initializing game
09:35:29.061 [FXGL Background Thread 2 ] DEBUG FXGLAssetLoaderServi - Loading from file system: file:/C:/Users/kiese/Documents/Schule/3AHWIN/POS/Final_Project_Schaar_Zugaj/target/classes/assets/textures/bucket.png
09:35:29.082 [FXGL Background Thread 2 ] DEBUG FXGLAssetLoaderServi - Loading from file system: file:/C:/Users/kiese/Documents/Schule/3AHWIN/POS/Final_Project_Schaar_Zugaj/target/classes/assets/music/bgm.mp3
09:35:29.206 [FXGL Background Thread 2 ] DEBUG AudioPlayer          - Playing music com.almasb.fxgl.audio.Music@30f79843
09:35:29.210 [FXGL Background Thread 2 ] WARN  AchievementService   - Achievement Test cannot find property 
09:35:29.211 [FXGL Background Thread 2 ] INFO  FXGLApplication      - Game initialization took: 0,159 sec
09:35:29.213 [JavaFX Application Thread] DEBUG Input                - Clearing active input actions
09:35:29.223 [JavaFX Application Thread] DEBUG GameApplicationServi - Removing overlay from FXGLLoadingScene and adding to GameScene
09:35:29.224 [JavaFX Application Thread] DEBUG PrimaryStageWindow   - FXGLLoadingScene -> GameScene
09:35:30.311 [FXGL Background Thread 3 ] DEBUG Engine               - Logging environment variables
09:35:30.311 [FXGL Background Thread 3 ] DEBUG Engine               - achievements: [Test:achieved(false)]
09:35:30.311 [FXGL Background Thread 3 ] DEBUG Engine               - actualHeight: 800.0
09:35:30.311 [FXGL Background Thread 3 ] DEBUG Engine               - actualHeightProperty: ReadOnlyDoubleProperty [value: 800.0]
09:35:30.311 [FXGL Background Thread 3 ] DEBUG Engine               - actualWidth: 800.0
09:35:30.311 [FXGL Background Thread 3 ] DEBUG Engine               - actualWidthProperty: ReadOnlyDoubleProperty [value: 800.0]
09:35:30.311 [FXGL Background Thread 3 ] DEBUG Engine               - appIcon: fxgl_icon.png
09:35:30.313 [FXGL Background Thread 3 ] DEBUG Engine               - applicationMode: DEVELOPER
09:35:30.313 [FXGL Background Thread 3 ] DEBUG Engine               - cSSList: [fxgl_dark.css]
09:35:30.313 [FXGL Background Thread 3 ] DEBUG Engine               - collisionDetectionStrategy: BRUTE_FORCE
09:35:30.313 [FXGL Background Thread 3 ] DEBUG Engine               - configClass: Optional.empty
09:35:30.313 [FXGL Background Thread 3 ] DEBUG Engine               - credits: [Nikita Schaar - Programmer, Designer, Planning, Moritz Zugaj - Programmer, Designer]
09:35:30.313 [FXGL Background Thread 3 ] DEBUG Engine               - defaultCursor: CursorInfo(imageName=fxgl_default_cursor.png, hotspotX=7.0, hotspotY=6.0)
09:35:30.313 [FXGL Background Thread 3 ] DEBUG Engine               - devBBoxColorProperty: ObjectProperty [value: 0xff0000ff]
09:35:30.313 [FXGL Background Thread 3 ] DEBUG Engine               - devEnableDebugCameraProperty: BooleanProperty [value: false]
09:35:30.313 [FXGL Background Thread 3 ] DEBUG Engine               - devSensorColorProperty: ObjectProperty [value: 0xffff00ff]
09:35:30.313 [FXGL Background Thread 3 ] DEBUG Engine               - devShowBBoxProperty: BooleanProperty [value: false]
09:35:30.313 [FXGL Background Thread 3 ] DEBUG Engine               - devShowPositionProperty: BooleanProperty [value: false]
09:35:30.314 [FXGL Background Thread 3 ] DEBUG Engine               - enabledMenuItems: [EXTRA]
09:35:30.314 [FXGL Background Thread 3 ] DEBUG Engine               - engineServices: [class com.almasb.fxgl.app.services.FXGLAssetLoaderService, class com.almasb.fxgl.app.FXGLApplication$GameApplicationService, class com.almasb.fxgl.app.services.FXGLDialogService, class com.almasb.fxgl.app.services.IOTaskExecutorService, class com.almasb.fxgl.io.FileSystemService, class com.almasb.fxgl.localization.LocalizationService, class com.almasb.fxgl.app.services.SystemBundleService, class com.almasb.fxgl.profile.SaveLoadService, class com.almasb.fxgl.ui.FXGLUIFactoryServiceProvider, class com.almasb.fxgl.ui.FXGLDialogFactoryServiceProvider, class com.almasb.fxgl.audio.AudioPlayer, class com.almasb.fxgl.notification.impl.NotificationServiceProvider, class com.almasb.fxgl.achievement.AchievementService, class com.almasb.fxgl.cutscene.CutsceneService, class com.almasb.fxgl.minigames.MiniGameService, class com.almasb.fxgl.net.NetService, class com.almasb.fxgl.app.services.UpdaterService, class com.almasb.fxgl.dev.DevService]
09:35:30.314 [FXGL Background Thread 3 ] DEBUG Engine               - fontGame: Abel-Regular.ttf
09:35:30.314 [FXGL Background Thread 3 ] DEBUG Engine               - fontMono: TerminalLandMono-Regular.otf
09:35:30.314 [FXGL Background Thread 3 ] DEBUG Engine               - fontSizeScaleUI: 1.0
09:35:30.314 [FXGL Background Thread 3 ] DEBUG Engine               - fontText: Courier-Prime.ttf
09:35:30.314 [FXGL Background Thread 3 ] DEBUG Engine               - fontUI: VarelaRound-Regular.ttf
09:35:30.314 [FXGL Background Thread 3 ] DEBUG Engine               - fullScreen: BooleanProperty [value: false]
09:35:30.314 [FXGL Background Thread 3 ] DEBUG Engine               - gameDifficulty: MEDIUM
09:35:30.314 [FXGL Background Thread 3 ] DEBUG Engine               - gameDifficultyProperty: ObjectProperty [value: MEDIUM]
09:35:30.314 [FXGL Background Thread 3 ] DEBUG Engine               - globalMusicVolume: 0.5
09:35:30.314 [FXGL Background Thread 3 ] DEBUG Engine               - globalMusicVolumeProperty: DoubleProperty [value: 0.5]
09:35:30.314 [FXGL Background Thread 3 ] DEBUG Engine               - globalSoundVolume: 0.5
09:35:30.314 [FXGL Background Thread 3 ] DEBUG Engine               - globalSoundVolumeProperty: DoubleProperty [value: 0.5]
09:35:30.314 [FXGL Background Thread 3 ] DEBUG Engine               - height: 800
09:35:30.314 [FXGL Background Thread 3 ] DEBUG Engine               - is3D: false
09:35:30.314 [FXGL Background Thread 3 ] DEBUG Engine               - isAndroid: false
09:35:30.314 [FXGL Background Thread 3 ] DEBUG Engine               - isBrowser: false
09:35:30.315 [FXGL Background Thread 3 ] DEBUG Engine               - isClickFeedbackEnabled: false
09:35:30.315 [FXGL Background Thread 3 ] DEBUG Engine               - isCloseConfirmation: false
09:35:30.315 [FXGL Background Thread 3 ] DEBUG Engine               - isDesktop: true
09:35:30.315 [FXGL Background Thread 3 ] DEBUG Engine               - isDeveloperMenuEnabled: false
09:35:30.315 [FXGL Background Thread 3 ] DEBUG Engine               - isEmbedded: false
09:35:30.315 [FXGL Background Thread 3 ] DEBUG Engine               - isEntityPreloadEnabled: true
09:35:30.315 [FXGL Background Thread 3 ] DEBUG Engine               - isExperimentalTiledLargeMap: false
09:35:30.315 [FXGL Background Thread 3 ] DEBUG Engine               - isFileSystemWriteAllowed: true
09:35:30.315 [FXGL Background Thread 3 ] DEBUG Engine               - isFullScreenAllowed: true
09:35:30.315 [FXGL Background Thread 3 ] DEBUG Engine               - isFullScreenFromStart: false
09:35:30.315 [FXGL Background Thread 3 ] DEBUG Engine               - isGameMenuEnabled: true
09:35:30.315 [FXGL Background Thread 3 ] DEBUG Engine               - isIOS: false
09:35:30.315 [FXGL Background Thread 3 ] DEBUG Engine               - isIntroEnabled: false
09:35:30.315 [FXGL Background Thread 3 ] DEBUG Engine               - isLinux: false
09:35:30.315 [FXGL Background Thread 3 ] DEBUG Engine               - isMac: false
09:35:30.315 [FXGL Background Thread 3 ] DEBUG Engine               - isMainMenuEnabled: true
09:35:30.315 [FXGL Background Thread 3 ] DEBUG Engine               - isManualResizeEnabled: false
09:35:30.315 [FXGL Background Thread 3 ] DEBUG Engine               - isMobile: false
09:35:30.315 [FXGL Background Thread 3 ] DEBUG Engine               - isNative: false
09:35:30.315 [FXGL Background Thread 3 ] DEBUG Engine               - isPauseMusicWhenMinimized: true
09:35:30.315 [FXGL Background Thread 3 ] DEBUG Engine               - isPreserveResizeRatio: false
09:35:30.315 [FXGL Background Thread 3 ] DEBUG Engine               - isProfilingEnabled: false
09:35:30.315 [FXGL Background Thread 3 ] DEBUG Engine               - isScaleAffectedOnResize: true
09:35:30.315 [FXGL Background Thread 3 ] DEBUG Engine               - isSingleStep: false
09:35:30.315 [FXGL Background Thread 3 ] DEBUG Engine               - isUserProfileEnabled: false
09:35:30.316 [FXGL Background Thread 3 ] DEBUG Engine               - isWindows: true
09:35:30.316 [FXGL Background Thread 3 ] DEBUG Engine               - language: ObjectProperty [value: ENGLISH]
09:35:30.316 [FXGL Background Thread 3 ] DEBUG Engine               - menuKey: ESCAPE
09:35:30.316 [FXGL Background Thread 3 ] DEBUG Engine               - mouseSensitivity: 0.2
09:35:30.316 [FXGL Background Thread 3 ] DEBUG Engine               - notificationViewClass: class com.almasb.fxgl.notification.view.XboxNotificationView
09:35:30.316 [FXGL Background Thread 3 ] DEBUG Engine               - pixelsPerMeter: 50.0
09:35:30.316 [FXGL Background Thread 3 ] DEBUG Engine               - platform: WINDOWS
09:35:30.316 [FXGL Background Thread 3 ] DEBUG Engine               - prefHeightProperty: ReadOnlyDoubleProperty [value: 800.0]
09:35:30.316 [FXGL Background Thread 3 ] DEBUG Engine               - prefWidthProperty: ReadOnlyDoubleProperty [value: 800.0]
09:35:30.317 [FXGL Background Thread 3 ] DEBUG Engine               - profileDir: profiles/
09:35:30.317 [FXGL Background Thread 3 ] DEBUG Engine               - profileName: StringProperty [value: DEFAULT]
09:35:30.317 [FXGL Background Thread 3 ] DEBUG Engine               - randomSeed: -1
09:35:30.317 [FXGL Background Thread 3 ] DEBUG Engine               - runtimeInfo: RuntimeInfo(platform=WINDOWS, version=21, build=28.12.2023 13.35)
09:35:30.317 [FXGL Background Thread 3 ] DEBUG Engine               - saveFileExt: sav
09:35:30.317 [FXGL Background Thread 3 ] DEBUG Engine               - scaledHeightProp$fxgl: DoubleProperty [bound, value: 800.0]
09:35:30.317 [FXGL Background Thread 3 ] DEBUG Engine               - scaledWidthProp$fxgl: DoubleProperty [bound, value: 800.0]
09:35:30.317 [FXGL Background Thread 3 ] DEBUG Engine               - sceneFactory: com.almasb.fxgl.app.scene.SceneFactory@78df6acd
09:35:30.317 [FXGL Background Thread 3 ] DEBUG Engine               - secondsIn24h: 60
09:35:30.317 [FXGL Background Thread 3 ] DEBUG Engine               - soundMenuBack: menu/back.wav
09:35:30.318 [FXGL Background Thread 3 ] DEBUG Engine               - soundMenuPress: menu/press.wav
09:35:30.318 [FXGL Background Thread 3 ] DEBUG Engine               - soundMenuSelect: menu/select.wav
09:35:30.318 [FXGL Background Thread 3 ] DEBUG Engine               - soundNotification: core/notification.wav
09:35:30.318 [FXGL Background Thread 3 ] DEBUG Engine               - stageStyle: DECORATED
09:35:30.318 [FXGL Background Thread 3 ] DEBUG Engine               - supportedLanguages: [ENGLISH, FRENCH, GERMAN, HUNGARIAN, RUSSIAN]
09:35:30.318 [FXGL Background Thread 3 ] DEBUG Engine               - ticksPerSecond: -1
09:35:30.318 [FXGL Background Thread 3 ] DEBUG Engine               - title: Clicker Game
09:35:30.318 [FXGL Background Thread 3 ] DEBUG Engine               - urlGithub: https://github.com/AlmasB/FXGL
09:35:30.318 [FXGL Background Thread 3 ] DEBUG Engine               - urlLeaderboard: http://fxgl-top.herokuapp.com/
09:35:30.318 [FXGL Background Thread 3 ] DEBUG Engine               - urlPOM: https://raw.githubusercontent.com/AlmasB/FXGL/release/README.md
09:35:30.318 [FXGL Background Thread 3 ] DEBUG Engine               - userAppClass: class com.example.final_project_schaar_zugaj.Game
09:35:30.318 [FXGL Background Thread 3 ] DEBUG Engine               - version: 0.0
09:35:30.318 [FXGL Background Thread 3 ] DEBUG Engine               - versionCheckDays: 7
09:35:30.318 [FXGL Background Thread 3 ] DEBUG Engine               - width: 800
09:35:30.318 [FXGL Background Thread 3 ] DEBUG Engine               - Logging services
09:35:30.318 [FXGL Background Thread 3 ] DEBUG Engine               - class com.almasb.fxgl.app.services.FXGLAssetLoaderService
09:35:30.318 [FXGL Background Thread 3 ] DEBUG Engine               - class com.almasb.fxgl.app.FXGLApplication$GameApplicationService
09:35:30.318 [FXGL Background Thread 3 ] DEBUG Engine               - class com.almasb.fxgl.app.services.FXGLDialogService
09:35:30.318 [FXGL Background Thread 3 ] DEBUG Engine               - class com.almasb.fxgl.app.services.IOTaskExecutorService
09:35:30.318 [FXGL Background Thread 3 ] DEBUG Engine               - class com.almasb.fxgl.io.FileSystemService
09:35:30.318 [FXGL Background Thread 3 ] DEBUG Engine               - class com.almasb.fxgl.localization.LocalizationService
09:35:30.318 [FXGL Background Thread 3 ] DEBUG Engine               - class com.almasb.fxgl.app.services.SystemBundleService
09:35:30.318 [FXGL Background Thread 3 ] DEBUG Engine               - class com.almasb.fxgl.profile.SaveLoadService
09:35:30.318 [FXGL Background Thread 3 ] DEBUG Engine               - class com.almasb.fxgl.ui.FXGLUIFactoryServiceProvider
09:35:30.318 [FXGL Background Thread 3 ] DEBUG Engine               - class com.almasb.fxgl.ui.FXGLDialogFactoryServiceProvider
09:35:30.318 [FXGL Background Thread 3 ] DEBUG Engine               - class com.almasb.fxgl.audio.AudioPlayer
09:35:30.319 [FXGL Background Thread 3 ] DEBUG Engine               - class com.almasb.fxgl.notification.impl.NotificationServiceProvider
09:35:30.319 [FXGL Background Thread 3 ] DEBUG Engine               - class com.almasb.fxgl.achievement.AchievementService
09:35:30.319 [FXGL Background Thread 3 ] DEBUG Engine               - class com.almasb.fxgl.cutscene.CutsceneService
09:35:30.319 [FXGL Background Thread 3 ] DEBUG Engine               - class com.almasb.fxgl.minigames.MiniGameService
09:35:30.319 [FXGL Background Thread 3 ] DEBUG Engine               - class com.almasb.fxgl.net.NetService
09:35:30.319 [FXGL Background Thread 3 ] DEBUG Engine               - class com.almasb.fxgl.app.services.UpdaterService
09:35:30.319 [FXGL Background Thread 3 ] DEBUG Engine               - class com.almasb.fxgl.dev.DevService
09:35:30.462 [JavaFX Application Thread] DEBUG FXGLAssetLoaderServi - Loading from file system: file:/C:/Users/kiese/Documents/Schule/3AHWIN/POS/Final_Project_Schaar_Zugaj/target/classes/assets/textures/cookie.png
09:35:33.628 [JavaFX Application Thread] DEBUG FXGLAssetLoaderServi - Loading from file system: file:/C:/Users/kiese/Documents/Schule/3AHWIN/POS/Final_Project_Schaar_Zugaj/target/classes/assets/sounds/drop.wav
09:35:42.844 [JavaFX Application Thread] DEBUG FXGLApplication      - Exiting FXGL
09:35:42.844 [JavaFX Application Thread] DEBUG LoopRunner           - Stopping loop
09:35:42.844 [JavaFX Application Thread] DEBUG SystemBundleService  - Saving FXGL system data
09:35:42.846 [JavaFX Application Thread] DEBUG FileSystemAccess     - Writing to: C:\Users\kiese\Documents\Schule\3AHWIN\POS\Final_Project_Schaar_Zugaj\system\fxgl.bundle
09:35:42.848 [JavaFX Application Thread] DEBUG Async                - Shutting down background threads
09:35:42.848 [JavaFX Application Thread] DEBUG PrimaryStageWindow   - Closing main window
09:35:42.858 [JavaFX Application Thread] DEBUG Logger               - Closing Logger
