13:13:00.064 [main                     ] DEBUG Logger               - Configured Logger
13:13:00.098 [main                     ] DEBUG GameApplication      - Logging settings
Title: Clicker Game
Version: 0.0
Width: 800
Height: 800
Fullscreen: true
Intro: false
Profiling: false
Single step:false
App Mode: DEVELOPER
Menu Key: ESCAPE
Stage Style: DECORATED
Scene Factory: class com.almasb.fxgl.app.scene.SceneFactory

13:13:00.555 [JavaFX Application Thread] DEBUG FXGLApplication      - Initializing FXGL
13:13:00.559 [JavaFX Application Thread] INFO  Engine               - FXGL-21 (28.12.2023 13.35) on WINDOWS (J:22.0.1 FX:21.0.1)
13:13:00.560 [JavaFX Application Thread] DEBUG Engine               - JRE Vendor Name: Oracle Corporation
13:13:00.560 [JavaFX Application Thread] DEBUG Engine               - Running on OS: Windows 11 version 10.0
13:13:00.560 [JavaFX Application Thread] DEBUG Engine               - Architecture: amd64
13:13:00.560 [JavaFX Application Thread] INFO  Engine               - Source code and latest versions at: https://github.com/AlmasB/FXGL
13:13:00.561 [JavaFX Application Thread] INFO  Engine               -       Ask questions and discuss at: https://github.com/AlmasB/FXGL/discussions
13:13:00.561 [JavaFX Application Thread] INFO  Engine               -              Join the FXGL chat at: https://gitter.im/AlmasB/FXGL
13:13:00.679 [JavaFX Application Thread] DEBUG PrimaryStageWindow   - Creating a JavaFX scene
13:13:00.747 [JavaFX Application Thread] DEBUG PrimaryStageWindow   - Target settings size: 800.0 x 800.0
13:13:00.747 [JavaFX Application Thread] DEBUG PrimaryStageWindow   - Scaled scene size:    800.0 x 800.0
13:13:00.748 [JavaFX Application Thread] DEBUG PrimaryStageWindow   - Scaled ratio: (1.0, 1.0)
13:13:00.750 [JavaFX Application Thread] DEBUG PrimaryStageWindow   - Set initial scene to FXGLStartupScene
13:13:00.756 [JavaFX Application Thread] DEBUG PrimaryStageWindow   - Opening main window
13:13:00.862 [JavaFX Application Thread] DEBUG PrimaryStageWindow   - Window border size: (16.0, 39.0)
13:13:00.862 [JavaFX Application Thread] DEBUG PrimaryStageWindow   - Scaled size: 800.0 x 800.0
13:13:00.862 [JavaFX Application Thread] DEBUG PrimaryStageWindow   - Scaled ratio: (1.0, 1.0)
13:13:00.864 [JavaFX Application Thread] DEBUG PrimaryStageWindow   - Scene size: 800.0 x 800.0
13:13:00.865 [JavaFX Application Thread] DEBUG PrimaryStageWindow   - Stage size: 816.0 x 839.0
13:13:00.877 [FXGL Background Thread 1 ] DEBUG Engine               - Initializing environment variables
13:13:00.958 [FXGL Background Thread 1 ] DEBUG FXGLAssetLoaderServi - User app class for loading assets: class com.example.final_project_schaar_zugaj.Game
13:13:00.959 [FXGL Background Thread 1 ] DEBUG GameApplicationServi - Applying CSS: fxgl_dark.css
13:13:00.960 [FXGL Background Thread 1 ] DEBUG FXGLAssetLoaderServi - Loading from file system: jar:file:///C:/Users/kiese/.m2/repository/com/github/almasb/fxgl/21/fxgl-21.jar!/fxglassets/ui/css/fxgl_dark.css
13:13:01.024 [FXGL Background Thread 1 ] DEBUG GameApplicationServi - Initializing application scenes
13:13:01.091 [FXGL Background Thread 1 ] DEBUG GameWorld            - Game world initialized
13:13:01.171 [FXGL Background Thread 1 ] DEBUG PhysicsWorld         - Physics world initialized: appHeight=800, physics.ppm=50,0
13:13:01.172 [FXGL Background Thread 1 ] DEBUG PhysicsWorld         - Using strategy: BRUTE_FORCE
13:13:01.176 [FXGL Background Thread 1 ] DEBUG GameScene            - Game scene initialized: 800x800
13:13:01.189 [FXGL Background Thread 1 ] DEBUG FXGL.DefaultMenu     - createMenuBodyMainMenu()
13:13:01.205 [FXGL Background Thread 1 ] DEBUG FXGL.DefaultMenu     - createOptionsMenu()
13:13:01.211 [FXGL Background Thread 1 ] DEBUG FXGL.DefaultMenu     - createExtraMenu()
13:13:01.221 [FXGL Background Thread 1 ] DEBUG FXGLAssetLoaderServi - Loading from file system: jar:file:///C:/Users/kiese/.m2/repository/com/github/almasb/fxgl/21/fxgl-21.jar!/fxglassets/textures/particles/smoke.png
13:13:01.322 [FXGL Background Thread 1 ] DEBUG FXGLAssetLoaderServi - Loading from file system: jar:file:///C:/Users/kiese/.m2/repository/com/github/almasb/fxgl/21/fxgl-21.jar!/fxglassets/textures/particles/trace_horizontal.png
13:13:01.354 [FXGL Background Thread 1 ] DEBUG FXGL.DefaultMenu     - createMenuBodyGameMenu()
13:13:01.355 [FXGL Background Thread 1 ] DEBUG FXGL.DefaultMenu     - createOptionsMenu()
13:13:01.358 [FXGL Background Thread 1 ] DEBUG FXGL.DefaultMenu     - createExtraMenu()
13:13:01.374 [FXGL Background Thread 1 ] DEBUG GameApplicationServi - Application scenes initialized
13:13:01.388 [FXGL Background Thread 1 ] DEBUG SystemBundleService  - Loading FXGL system data
13:13:01.395 [FXGL Background Thread 1 ] DEBUG FileSystemAccess     - Reading from: C:\Users\kiese\Documents\Schule\3AHWIN\POS\FXGLGames-master\FXGLGames-master\Drop\system\fxgl.bundle
13:13:01.405 [FXGL Background Thread 1 ] DEBUG SystemBundleService  - Bundle FXGL: {}
13:13:01.406 [FXGL Background Thread 1 ] DEBUG UpdaterService       - Checking for updates
13:13:01.411 [FXGL Background Thread 4 ] DEBUG FXGLApplication      - Loading fonts
13:13:01.413 [FXGL Background Thread 4 ] DEBUG FXGLAssetLoaderServi - Loading from file system: jar:file:///C:/Users/kiese/.m2/repository/com/github/almasb/fxgl/21/fxgl-21.jar!/fxglassets/ui/fonts/VarelaRound-Regular.ttf
13:13:01.413 [FXGL Background Thread 1 ] DEBUG FXGLApplication      - Loading default localization
13:13:01.414 [FXGL Background Thread 1 ] DEBUG FXGLAssetLoaderServi - Loading from file system: jar:file:///C:/Users/kiese/.m2/repository/com/github/almasb/fxgl/21/fxgl-21.jar!/fxglassets/languages/english.lang
13:13:01.440 [FXGL Background Thread 1 ] INFO  FXGLApplication      - FXGL initialization took: 0,564 sec
13:13:01.442 [JavaFX Application Thread] DEBUG FXGLAssetLoaderServi - Loading from file system: jar:file:///C:/Users/kiese/.m2/repository/com/github/almasb/fxgl/21/fxgl-21.jar!/fxglassets/textures/fxgl_icon.png
13:13:01.452 [FXGL Background Thread 4 ] DEBUG FXGLAssetLoaderServi - Loading from file system: jar:file:///C:/Users/kiese/.m2/repository/com/github/almasb/fxgl/21/fxgl-21.jar!/fxglassets/ui/fonts/Abel-Regular.ttf
13:13:01.458 [FXGL Background Thread 4 ] DEBUG FXGLAssetLoaderServi - Loading from file system: jar:file:///C:/Users/kiese/.m2/repository/com/github/almasb/fxgl/21/fxgl-21.jar!/fxglassets/ui/fonts/TerminalLandMono-Regular.otf
13:13:01.463 [FXGL Background Thread 4 ] DEBUG FXGLAssetLoaderServi - Loading from file system: jar:file:///C:/Users/kiese/.m2/repository/com/github/almasb/fxgl/21/fxgl-21.jar!/fxglassets/ui/fonts/Courier-Prime.ttf
13:13:01.467 [JavaFX Application Thread] DEBUG FXGLAssetLoaderServi - Loading from file system: jar:file:///C:/Users/kiese/.m2/repository/com/github/almasb/fxgl/21/fxgl-21.jar!/fxglassets/textures/fxgl_default_cursor.png
13:13:01.480 [JavaFX Application Thread] DEBUG Input                - Registered new binding: Screenshot - CTRL+8
13:13:01.480 [JavaFX Application Thread] DEBUG Input                - Registered new binding: System info dump - CTRL+9
13:13:01.481 [JavaFX Application Thread] DEBUG Input                - Registered new binding: Restart - CTRL+R
13:13:01.481 [JavaFX Application Thread] DEBUG Input                - Registered new binding: Toggle Debug Camera - CTRL+7
13:13:01.484 [JavaFX Application Thread] DEBUG AchievementService   - Registered new achievement: Test
13:13:01.486 [JavaFX Application Thread] DEBUG LoopRunner           - Starting loop
13:13:01.486 [JavaFX Application Thread] DEBUG LoopRunner           - Initializing JavaFX AnimationTimerLoop
13:13:01.489 [JavaFX Application Thread] DEBUG Input                - Clearing active input actions
13:13:01.499 [JavaFX Application Thread] DEBUG GameApplicationServi - Removing overlay from FXGLStartupScene and adding to FXGLMainMenuDummyScene
13:13:01.500 [JavaFX Application Thread] DEBUG PrimaryStageWindow   - FXGLStartupScene -> FXGLMainMenuDummyScene
13:13:01.500 [JavaFX Application Thread] DEBUG PrimaryStageWindow   - Push state: FXGLDefaultMenu
13:13:01.533 [JavaFX Application Thread] DEBUG Input                - Clearing active input actions
13:13:01.543 [JavaFX Application Thread] DEBUG GameApplicationServi - Removing overlay from FXGLMainMenuDummyScene and adding to FXGLDefaultMenu
13:13:01.544 [JavaFX Application Thread] DEBUG PrimaryStageWindow   - FXGLMainMenuDummyScene -> FXGLDefaultMenu
13:13:01.553 [JavaFX Application Thread] DEBUG FXGLApplication      - Registering font factories with UI factory
13:13:03.028 [JavaFX Application Thread] DEBUG Menu                 - fireNewGame()
13:13:03.028 [JavaFX Application Thread] DEBUG GameApplicationServi - Starting new game
13:13:03.030 [JavaFX Application Thread] DEBUG PrimaryStageWindow   - Pop state: FXGLDefaultMenu
13:13:03.030 [JavaFX Application Thread] DEBUG Input                - Clearing active input actions
13:13:03.032 [JavaFX Application Thread] DEBUG GameApplicationServi - Removing overlay from FXGLDefaultMenu and adding to FXGLMainMenuDummyScene
13:13:03.032 [JavaFX Application Thread] DEBUG PrimaryStageWindow   - FXGLMainMenuDummyScene <- FXGLDefaultMenu
13:13:03.034 [JavaFX Application Thread] DEBUG Input                - Clearing active input actions
13:13:03.046 [JavaFX Application Thread] DEBUG GameApplicationServi - Removing overlay from FXGLMainMenuDummyScene and adding to FXGLLoadingScene
13:13:03.046 [JavaFX Application Thread] DEBUG PrimaryStageWindow   - FXGLMainMenuDummyScene -> FXGLLoadingScene
13:13:03.047 [JavaFX Application Thread] DEBUG GameApplicationServi - Clearing previous game
13:13:03.047 [JavaFX Application Thread] DEBUG GameScene            - Clearing game scene
13:13:03.047 [JavaFX Application Thread] DEBUG GameWorld            - Clearing game world
13:13:03.047 [JavaFX Application Thread] DEBUG PhysicsWorld         - Clearing physics world
13:13:03.049 [FXGL Background Thread 4 ] DEBUG FXGLApplication      - Initializing game
13:13:03.055 [FXGL Background Thread 4 ] DEBUG FXGLAssetLoaderServi - Loading from file system: file:/C:/Users/kiese/Documents/Schule/3AHWIN/POS/FXGLGames-master/FXGLGames-master/Drop/target/classes/assets/textures/bucket.png
13:13:03.074 [FXGL Background Thread 4 ] DEBUG FXGLAssetLoaderServi - Loading from file system: file:/C:/Users/kiese/Documents/Schule/3AHWIN/POS/FXGLGames-master/FXGLGames-master/Drop/target/classes/assets/music/bgm.mp3
13:13:03.228 [FXGL Background Thread 4 ] DEBUG AudioPlayer          - Playing music com.almasb.fxgl.audio.Music@2083f156
13:13:03.230 [FXGL Background Thread 4 ] WARN  AchievementService   - Achievement Test cannot find property 
13:13:03.230 [FXGL Background Thread 4 ] INFO  FXGLApplication      - Game initialization took: 0,181 sec
13:13:03.242 [JavaFX Application Thread] DEBUG Input                - Clearing active input actions
13:13:03.249 [JavaFX Application Thread] DEBUG GameApplicationServi - Removing overlay from FXGLLoadingScene and adding to GameScene
13:13:03.250 [JavaFX Application Thread] DEBUG PrimaryStageWindow   - FXGLLoadingScene -> GameScene
13:13:04.411 [FXGL Background Thread 3 ] DEBUG Engine               - Logging environment variables
13:13:04.412 [FXGL Background Thread 3 ] DEBUG Engine               - achievements: [Test:achieved(false)]
13:13:04.412 [FXGL Background Thread 3 ] DEBUG Engine               - actualHeight: 800.0
13:13:04.412 [FXGL Background Thread 3 ] DEBUG Engine               - actualHeightProperty: ReadOnlyDoubleProperty [value: 800.0]
13:13:04.412 [FXGL Background Thread 3 ] DEBUG Engine               - actualWidth: 800.0
13:13:04.413 [FXGL Background Thread 3 ] DEBUG Engine               - actualWidthProperty: ReadOnlyDoubleProperty [value: 800.0]
13:13:04.413 [FXGL Background Thread 3 ] DEBUG Engine               - appIcon: fxgl_icon.png
13:13:04.413 [FXGL Background Thread 3 ] DEBUG Engine               - applicationMode: DEVELOPER
13:13:04.413 [FXGL Background Thread 3 ] DEBUG Engine               - cSSList: [fxgl_dark.css]
13:13:04.413 [FXGL Background Thread 3 ] DEBUG Engine               - collisionDetectionStrategy: BRUTE_FORCE
13:13:04.413 [FXGL Background Thread 3 ] DEBUG Engine               - configClass: Optional.empty
13:13:04.413 [FXGL Background Thread 3 ] DEBUG Engine               - credits: [Nikita Schaar - Programmer, Designer, Planning, Moritz Zugaj - Programmer, Designer]
13:13:04.413 [FXGL Background Thread 3 ] DEBUG Engine               - defaultCursor: CursorInfo(imageName=fxgl_default_cursor.png, hotspotX=7.0, hotspotY=6.0)
13:13:04.413 [FXGL Background Thread 3 ] DEBUG Engine               - devBBoxColorProperty: ObjectProperty [value: 0xff0000ff]
13:13:04.414 [FXGL Background Thread 3 ] DEBUG Engine               - devEnableDebugCameraProperty: BooleanProperty [value: false]
13:13:04.414 [FXGL Background Thread 3 ] DEBUG Engine               - devSensorColorProperty: ObjectProperty [value: 0xffff00ff]
13:13:04.414 [FXGL Background Thread 3 ] DEBUG Engine               - devShowBBoxProperty: BooleanProperty [value: false]
13:13:04.414 [FXGL Background Thread 3 ] DEBUG Engine               - devShowPositionProperty: BooleanProperty [value: false]
13:13:04.414 [FXGL Background Thread 3 ] DEBUG Engine               - enabledMenuItems: [EXTRA]
13:13:04.414 [FXGL Background Thread 3 ] DEBUG Engine               - engineServices: [class com.almasb.fxgl.app.services.FXGLAssetLoaderService, class com.almasb.fxgl.app.FXGLApplication$GameApplicationService, class com.almasb.fxgl.app.services.FXGLDialogService, class com.almasb.fxgl.app.services.IOTaskExecutorService, class com.almasb.fxgl.io.FileSystemService, class com.almasb.fxgl.localization.LocalizationService, class com.almasb.fxgl.app.services.SystemBundleService, class com.almasb.fxgl.profile.SaveLoadService, class com.almasb.fxgl.ui.FXGLUIFactoryServiceProvider, class com.almasb.fxgl.ui.FXGLDialogFactoryServiceProvider, class com.almasb.fxgl.audio.AudioPlayer, class com.almasb.fxgl.notification.impl.NotificationServiceProvider, class com.almasb.fxgl.achievement.AchievementService, class com.almasb.fxgl.cutscene.CutsceneService, class com.almasb.fxgl.minigames.MiniGameService, class com.almasb.fxgl.net.NetService, class com.almasb.fxgl.app.services.UpdaterService, class com.almasb.fxgl.dev.DevService]
13:13:04.414 [FXGL Background Thread 3 ] DEBUG Engine               - fontGame: Abel-Regular.ttf
13:13:04.414 [FXGL Background Thread 3 ] DEBUG Engine               - fontMono: TerminalLandMono-Regular.otf
13:13:04.414 [FXGL Background Thread 3 ] DEBUG Engine               - fontSizeScaleUI: 1.0
13:13:04.414 [FXGL Background Thread 3 ] DEBUG Engine               - fontText: Courier-Prime.ttf
13:13:04.414 [FXGL Background Thread 3 ] DEBUG Engine               - fontUI: VarelaRound-Regular.ttf
13:13:04.414 [FXGL Background Thread 3 ] DEBUG Engine               - fullScreen: BooleanProperty [value: false]
13:13:04.415 [FXGL Background Thread 3 ] DEBUG Engine               - gameDifficulty: MEDIUM
13:13:04.415 [FXGL Background Thread 3 ] DEBUG Engine               - gameDifficultyProperty: ObjectProperty [value: MEDIUM]
13:13:04.415 [FXGL Background Thread 3 ] DEBUG Engine               - globalMusicVolume: 0.5
13:13:04.415 [FXGL Background Thread 3 ] DEBUG Engine               - globalMusicVolumeProperty: DoubleProperty [value: 0.5]
13:13:04.415 [FXGL Background Thread 3 ] DEBUG Engine               - globalSoundVolume: 0.5
13:13:04.415 [FXGL Background Thread 3 ] DEBUG Engine               - globalSoundVolumeProperty: DoubleProperty [value: 0.5]
13:13:04.415 [FXGL Background Thread 3 ] DEBUG Engine               - height: 800
13:13:04.415 [FXGL Background Thread 3 ] DEBUG Engine               - is3D: false
13:13:04.415 [FXGL Background Thread 3 ] DEBUG Engine               - isAndroid: false
13:13:04.415 [FXGL Background Thread 3 ] DEBUG Engine               - isBrowser: false
13:13:04.415 [FXGL Background Thread 3 ] DEBUG Engine               - isClickFeedbackEnabled: false
13:13:04.415 [FXGL Background Thread 3 ] DEBUG Engine               - isCloseConfirmation: false
13:13:04.415 [FXGL Background Thread 3 ] DEBUG Engine               - isDesktop: true
13:13:04.415 [FXGL Background Thread 3 ] DEBUG Engine               - isDeveloperMenuEnabled: false
13:13:04.416 [FXGL Background Thread 3 ] DEBUG Engine               - isEmbedded: false
13:13:04.416 [FXGL Background Thread 3 ] DEBUG Engine               - isEntityPreloadEnabled: true
13:13:04.416 [FXGL Background Thread 3 ] DEBUG Engine               - isExperimentalTiledLargeMap: false
13:13:04.416 [FXGL Background Thread 3 ] DEBUG Engine               - isFileSystemWriteAllowed: true
13:13:04.416 [FXGL Background Thread 3 ] DEBUG Engine               - isFullScreenAllowed: true
13:13:04.416 [FXGL Background Thread 3 ] DEBUG Engine               - isFullScreenFromStart: false
13:13:04.416 [FXGL Background Thread 3 ] DEBUG Engine               - isGameMenuEnabled: true
13:13:04.416 [FXGL Background Thread 3 ] DEBUG Engine               - isIOS: false
13:13:04.416 [FXGL Background Thread 3 ] DEBUG Engine               - isIntroEnabled: false
13:13:04.416 [FXGL Background Thread 3 ] DEBUG Engine               - isLinux: false
13:13:04.416 [FXGL Background Thread 3 ] DEBUG Engine               - isMac: false
13:13:04.416 [FXGL Background Thread 3 ] DEBUG Engine               - isMainMenuEnabled: true
13:13:04.416 [FXGL Background Thread 3 ] DEBUG Engine               - isManualResizeEnabled: false
13:13:04.416 [FXGL Background Thread 3 ] DEBUG Engine               - isMobile: false
13:13:04.416 [FXGL Background Thread 3 ] DEBUG Engine               - isNative: false
13:13:04.417 [FXGL Background Thread 3 ] DEBUG Engine               - isPauseMusicWhenMinimized: true
13:13:04.417 [FXGL Background Thread 3 ] DEBUG Engine               - isPreserveResizeRatio: false
13:13:04.417 [FXGL Background Thread 3 ] DEBUG Engine               - isProfilingEnabled: false
13:13:04.417 [FXGL Background Thread 3 ] DEBUG Engine               - isScaleAffectedOnResize: true
13:13:04.417 [FXGL Background Thread 3 ] DEBUG Engine               - isSingleStep: false
13:13:04.417 [FXGL Background Thread 3 ] DEBUG Engine               - isUserProfileEnabled: false
13:13:04.417 [FXGL Background Thread 3 ] DEBUG Engine               - isWindows: true
13:13:04.417 [FXGL Background Thread 3 ] DEBUG Engine               - language: ObjectProperty [value: ENGLISH]
13:13:04.417 [FXGL Background Thread 3 ] DEBUG Engine               - menuKey: ESCAPE
13:13:04.417 [FXGL Background Thread 3 ] DEBUG Engine               - mouseSensitivity: 0.2
13:13:04.417 [FXGL Background Thread 3 ] DEBUG Engine               - notificationViewClass: class com.almasb.fxgl.notification.view.XboxNotificationView
13:13:04.417 [FXGL Background Thread 3 ] DEBUG Engine               - pixelsPerMeter: 50.0
13:13:04.417 [FXGL Background Thread 3 ] DEBUG Engine               - platform: WINDOWS
13:13:04.417 [FXGL Background Thread 3 ] DEBUG Engine               - prefHeightProperty: ReadOnlyDoubleProperty [value: 800.0]
13:13:04.417 [FXGL Background Thread 3 ] DEBUG Engine               - prefWidthProperty: ReadOnlyDoubleProperty [value: 800.0]
13:13:04.417 [FXGL Background Thread 3 ] DEBUG Engine               - profileDir: profiles/
13:13:04.417 [FXGL Background Thread 3 ] DEBUG Engine               - profileName: StringProperty [value: DEFAULT]
13:13:04.417 [FXGL Background Thread 3 ] DEBUG Engine               - randomSeed: -1
13:13:04.418 [FXGL Background Thread 3 ] DEBUG Engine               - runtimeInfo: RuntimeInfo(platform=WINDOWS, version=21, build=28.12.2023 13.35)
13:13:04.418 [FXGL Background Thread 3 ] DEBUG Engine               - saveFileExt: sav
13:13:04.418 [FXGL Background Thread 3 ] DEBUG Engine               - scaledHeightProp$fxgl: DoubleProperty [bound, value: 800.0]
13:13:04.418 [FXGL Background Thread 3 ] DEBUG Engine               - scaledWidthProp$fxgl: DoubleProperty [bound, value: 800.0]
13:13:04.418 [FXGL Background Thread 3 ] DEBUG Engine               - sceneFactory: com.almasb.fxgl.app.scene.SceneFactory@70b680f4
13:13:04.418 [FXGL Background Thread 3 ] DEBUG Engine               - secondsIn24h: 60
13:13:04.418 [FXGL Background Thread 3 ] DEBUG Engine               - soundMenuBack: menu/back.wav
13:13:04.418 [FXGL Background Thread 3 ] DEBUG Engine               - soundMenuPress: menu/press.wav
13:13:04.418 [FXGL Background Thread 3 ] DEBUG Engine               - soundMenuSelect: menu/select.wav
13:13:04.418 [FXGL Background Thread 3 ] DEBUG Engine               - soundNotification: core/notification.wav
13:13:04.418 [FXGL Background Thread 3 ] DEBUG Engine               - stageStyle: DECORATED
13:13:04.418 [FXGL Background Thread 3 ] DEBUG Engine               - supportedLanguages: [ENGLISH, FRENCH, GERMAN, HUNGARIAN, RUSSIAN]
13:13:04.418 [FXGL Background Thread 3 ] DEBUG Engine               - ticksPerSecond: -1
13:13:04.418 [FXGL Background Thread 3 ] DEBUG Engine               - title: Clicker Game
13:13:04.418 [FXGL Background Thread 3 ] DEBUG Engine               - urlGithub: https://github.com/AlmasB/FXGL
13:13:04.419 [FXGL Background Thread 3 ] DEBUG Engine               - urlLeaderboard: http://fxgl-top.herokuapp.com/
13:13:04.419 [FXGL Background Thread 3 ] DEBUG Engine               - urlPOM: https://raw.githubusercontent.com/AlmasB/FXGL/release/README.md
13:13:04.419 [FXGL Background Thread 3 ] DEBUG Engine               - userAppClass: class com.example.final_project_schaar_zugaj.Game
13:13:04.419 [FXGL Background Thread 3 ] DEBUG Engine               - version: 0.0
13:13:04.419 [FXGL Background Thread 3 ] DEBUG Engine               - versionCheckDays: 7
13:13:04.419 [FXGL Background Thread 3 ] DEBUG Engine               - width: 800
13:13:04.419 [FXGL Background Thread 3 ] DEBUG Engine               - Logging services
13:13:04.419 [FXGL Background Thread 3 ] DEBUG Engine               - class com.almasb.fxgl.app.services.FXGLAssetLoaderService
13:13:04.419 [FXGL Background Thread 3 ] DEBUG Engine               - class com.almasb.fxgl.app.FXGLApplication$GameApplicationService
13:13:04.419 [FXGL Background Thread 3 ] DEBUG Engine               - class com.almasb.fxgl.app.services.FXGLDialogService
13:13:04.419 [FXGL Background Thread 3 ] DEBUG Engine               - class com.almasb.fxgl.app.services.IOTaskExecutorService
13:13:04.419 [FXGL Background Thread 3 ] DEBUG Engine               - class com.almasb.fxgl.io.FileSystemService
13:13:04.419 [FXGL Background Thread 3 ] DEBUG Engine               - class com.almasb.fxgl.localization.LocalizationService
13:13:04.419 [FXGL Background Thread 3 ] DEBUG Engine               - class com.almasb.fxgl.app.services.SystemBundleService
13:13:04.419 [FXGL Background Thread 3 ] DEBUG Engine               - class com.almasb.fxgl.profile.SaveLoadService
13:13:04.419 [FXGL Background Thread 3 ] DEBUG Engine               - class com.almasb.fxgl.ui.FXGLUIFactoryServiceProvider
13:13:04.419 [FXGL Background Thread 3 ] DEBUG Engine               - class com.almasb.fxgl.ui.FXGLDialogFactoryServiceProvider
13:13:04.419 [FXGL Background Thread 3 ] DEBUG Engine               - class com.almasb.fxgl.audio.AudioPlayer
13:13:04.419 [FXGL Background Thread 3 ] DEBUG Engine               - class com.almasb.fxgl.notification.impl.NotificationServiceProvider
13:13:04.419 [FXGL Background Thread 3 ] DEBUG Engine               - class com.almasb.fxgl.achievement.AchievementService
13:13:04.419 [FXGL Background Thread 3 ] DEBUG Engine               - class com.almasb.fxgl.cutscene.CutsceneService
13:13:04.419 [FXGL Background Thread 3 ] DEBUG Engine               - class com.almasb.fxgl.minigames.MiniGameService
13:13:04.419 [FXGL Background Thread 3 ] DEBUG Engine               - class com.almasb.fxgl.net.NetService
13:13:04.421 [FXGL Background Thread 3 ] DEBUG Engine               - class com.almasb.fxgl.app.services.UpdaterService
13:13:04.421 [FXGL Background Thread 3 ] DEBUG Engine               - class com.almasb.fxgl.dev.DevService
13:13:04.509 [JavaFX Application Thread] DEBUG FXGLAssetLoaderServi - Loading from file system: file:/C:/Users/kiese/Documents/Schule/3AHWIN/POS/FXGLGames-master/FXGLGames-master/Drop/target/classes/assets/textures/cookie.png
13:13:05.501 [FXGL Background Thread 2 ] INFO  UpdaterService       - Your current version:  21
13:13:05.502 [FXGL Background Thread 2 ] INFO  UpdaterService       - Latest stable version: 21.1
13:13:07.548 [JavaFX Application Thread] DEBUG FXGLAssetLoaderServi - Loading from file system: file:/C:/Users/kiese/Documents/Schule/3AHWIN/POS/FXGLGames-master/FXGLGames-master/Drop/target/classes/assets/sounds/drop.wav
13:13:30.815 [JavaFX Application Thread] DEBUG FXGLApplication      - Exiting FXGL
13:13:30.815 [JavaFX Application Thread] DEBUG LoopRunner           - Stopping loop
13:13:30.815 [JavaFX Application Thread] DEBUG SystemBundleService  - Saving FXGL system data
13:13:30.818 [JavaFX Application Thread] DEBUG FileSystemAccess     - Writing to: C:\Users\kiese\Documents\Schule\3AHWIN\POS\FXGLGames-master\FXGLGames-master\Drop\system\fxgl.bundle
13:13:30.821 [JavaFX Application Thread] DEBUG Async                - Shutting down background threads
13:13:30.822 [JavaFX Application Thread] DEBUG PrimaryStageWindow   - Closing main window
13:13:30.856 [JavaFX Application Thread] DEBUG Logger               - Closing Logger
